loading data into the main memory...
Files creating succeed.
size of clients:  [18300]
maxlen =  18300
The allocation of client 0 succeed.
loading data into the main memory...
Files creating succeed.
size of clients:  [49916]
maxlen =  49916
The allocation of client 1 succeed.
loading data into the main memory...
Files creating succeed.
size of clients:  [63955]
maxlen =  63955
The allocation of client 2 succeed.
loading data into the main memory...
Files creating succeed.
size of clients:  [74091]
maxlen =  74091
The allocation of client 3 succeed.
loading data into the main memory...
Files creating succeed.
size of clients:  [83928]
maxlen =  83928
The allocation of client 4 succeed.
