Total num clients: 4
client model path: ['/research/byu2/rchen/proj/wwy/jp/model/client_asml1_0', '/research/byu2/rchen/proj/wwy/jp/model/client_asml1_1', '/research/byu2/rchen/proj/wwy/jp/model/client_iccad2012_0', '/research/byu2/rchen/proj/wwy/jp/model/client_iccad2012_1']
client benchmark path: {'asml1': '/research/byu2/rchen/proj/wwy/jp/benchmarks/asml1_train', 'asml2': '/research/byu2/rchen/proj/wwy/jp/benchmarks/asml2_train', 'asml3': '/research/byu2/rchen/proj/wwy/jp/benchmarks/asml3_train', 'asml4': '/research/byu2/rchen/proj/wwy/jp/benchmarks/asml4_train', 'iccad2012': '/research/byu2/rchen/proj/wwy/jp/benchmarks/iccad2012_train'}
loading data into the main memory...
Allocated dataset with size (24958, 144, 32)
Resampled dataset to size (32814, 144, 32)
Using transform option: train
Allocated dataset with size (24958, 144, 32)
Resampled dataset to size (32737, 144, 32)
Using transform option: train
loading data into the main memory...
Allocated dataset with size (9150, 144, 32)
Resampled dataset to size (16703, 144, 32)
Using transform option: train
Allocated dataset with size (9150, 144, 32)
Resampled dataset to size (16626, 144, 32)
Using transform option: train
loading data into the main memory...
Allocated dataset with size (24958, 144, 32)
Using transform option: test
loading data into the main memory...
Allocated dataset with size (141372, 144, 32)
Using transform option: test
Using device: cuda

server round 0/20

clients selected: [1 2]

Train client 1: client_asml1_1
Restoring client from server.
[Step=  50 Epoch= 0.1] | Loss=0.36011 | L2_reg=0.00000 | acc=0.5394 | 1191.9 samples/s | 18.6 steps/s
[Step= 100 Epoch= 0.2] | Loss=0.35302 | L2_reg=0.00000 | acc=0.5309 | 2600.7 samples/s | 40.6 steps/s
[Step= 150 Epoch= 0.3] | Loss=0.35082 | L2_reg=0.00000 | acc=0.5259 | 2626.1 samples/s | 41.0 steps/s
[Step= 200 Epoch= 0.4] | Loss=0.34968 | L2_reg=0.00000 | acc=0.5241 | 2642.2 samples/s | 41.3 steps/s
[Step= 250 Epoch= 0.5] | Loss=0.34897 | L2_reg=0.00000 | acc=0.5232 | 2588.2 samples/s | 40.4 steps/s
[Step= 300 Epoch= 0.6] | Loss=0.34851 | L2_reg=0.00000 | acc=0.5234 | 2630.2 samples/s | 41.1 steps/s
[Step= 350 Epoch= 0.7] | Loss=0.34821 | L2_reg=0.00000 | acc=0.5227 | 2608.0 samples/s | 40.8 steps/s
[Step= 400 Epoch= 0.8] | Loss=0.34798 | L2_reg=0.00000 | acc=0.5218 | 2627.6 samples/s | 41.1 steps/s
[Step= 450 Epoch= 0.9] | Loss=0.34779 | L2_reg=0.00000 | acc=0.5217 | 2595.9 samples/s | 40.6 steps/s
[Step= 500 Epoch= 1.0] | Loss=0.34762 | L2_reg=0.00000 | acc=0.5220 | 3695.9 samples/s | 57.7 steps/s
[Step= 550 Epoch= 1.1] | Loss=0.34748 | L2_reg=0.00000 | acc=0.5227 | 1318.4 samples/s | 20.6 steps/s
[Step= 600 Epoch= 1.2] | Loss=0.34735 | L2_reg=0.00000 | acc=0.5231 | 2501.3 samples/s | 39.1 steps/s
[Step= 650 Epoch= 1.3] | Loss=0.34730 | L2_reg=0.00000 | acc=0.5225 | 2644.0 samples/s | 41.3 steps/s
[Step= 700 Epoch= 1.4] | Loss=0.34723 | L2_reg=0.00000 | acc=0.5223 | 2616.9 samples/s | 40.9 steps/s
[Step= 750 Epoch= 1.5] | Loss=0.34716 | L2_reg=0.00000 | acc=0.5225 | 2566.0 samples/s | 40.1 steps/s
[Step= 800 Epoch= 1.6] | Loss=0.34704 | L2_reg=0.00000 | acc=0.5237 | 2664.3 samples/s | 41.6 steps/s
[Step= 850 Epoch= 1.7] | Loss=0.34700 | L2_reg=0.00000 | acc=0.5236 | 2585.3 samples/s | 40.4 steps/s
[Step= 900 Epoch= 1.8] | Loss=0.34693 | L2_reg=0.00000 | acc=0.5241 | 2577.6 samples/s | 40.3 steps/s
[Step= 950 Epoch= 1.9] | Loss=0.34690 | L2_reg=0.00000 | acc=0.5239 | 2557.5 samples/s | 40.0 steps/s
[Step=1000 Epoch= 2.0] | Loss=0.34686 | L2_reg=0.00000 | acc=0.5239 | 2949.0 samples/s | 46.1 steps/s

Train client 2: client_iccad2012_0
Restoring client from server.
