client model path: ['/research/byu2/rchen/proj/wwy/jp/model/client_0']
loading data into the main memory...
initialize clients
server round 0/50
clients selected: [0]
client 0
Restoring client from /research/byu2/rchen/proj/wwy/jp/model/client_0/model-init.ckpt
client 0, round 0, step 0, loss = 0.757246, learning_rate = 0.000100, training_accu = 0.562500, bias = 0.00
client 0, round 0, step 200, loss = 0.298935, learning_rate = 0.000100, training_accu = 0.859375, bias = 0.00
client 0, round 0, step 400, loss = 0.253529, learning_rate = 0.000100, training_accu = 0.890625, bias = 0.00
client checkpoint saved in /research/byu2/rchen/proj/wwy/jp/model/client_0/model-0-600-0-before.ckpt
check points 0: searching /research/byu2/rchen/proj/wwy/jp/model/client_0
found /research/byu2/rchen/proj/wwy/jp/model/client_0/model-0-600-0-before.ckpt
model saved in /research/byu2/rchen/proj/wwy/jp/model/server/model-0-.ckpt
server round 1/50
clients selected: [0]
client 0
Restoring client from /research/byu2/rchen/proj/wwy/jp/model/client_0/model-0-600-0-before.ckpt
client 0, round 1, step 0, loss = 0.160950, learning_rate = 0.000100, training_accu = 0.937500, bias = 0.00
client 0, round 1, step 200, loss = 0.124863, learning_rate = 0.000100, training_accu = 0.953125, bias = 0.00
client 0, round 1, step 400, loss = 0.282570, learning_rate = 0.000100, training_accu = 0.859375, bias = 0.00
client checkpoint saved in /research/byu2/rchen/proj/wwy/jp/model/client_0/model-1-600-0-before.ckpt
check points 0: searching /research/byu2/rchen/proj/wwy/jp/model/client_0
found /research/byu2/rchen/proj/wwy/jp/model/client_0/model-1-600-0-before.ckpt
model saved in /research/byu2/rchen/proj/wwy/jp/model/server/model-1-.ckpt
server round 2/50
clients selected: [0]
client 0
Restoring client from /research/byu2/rchen/proj/wwy/jp/model/client_0/model-1-600-0-before.ckpt
client 0, round 2, step 0, loss = 0.124140, learning_rate = 0.000100, training_accu = 0.968750, bias = 0.00
client 0, round 2, step 200, loss = 0.154802, learning_rate = 0.000100, training_accu = 0.921875, bias = 0.00
client 0, round 2, step 400, loss = 0.142756, learning_rate = 0.000100, training_accu = 0.937500, bias = 0.00
client checkpoint saved in /research/byu2/rchen/proj/wwy/jp/model/client_0/model-2-600-0-before.ckpt
check points 0: searching /research/byu2/rchen/proj/wwy/jp/model/client_0
found /research/byu2/rchen/proj/wwy/jp/model/client_0/model-2-600-0-before.ckpt
model saved in /research/byu2/rchen/proj/wwy/jp/model/server/model-2-.ckpt
server round 3/50
clients selected: [0]
client 0
Restoring client from /research/byu2/rchen/proj/wwy/jp/model/client_0/model-2-600-0-before.ckpt
client 0, round 3, step 0, loss = 0.225415, learning_rate = 0.000100, training_accu = 0.937500, bias = 0.00
client 0, round 3, step 200, loss = 0.160836, learning_rate = 0.000100, training_accu = 0.937500, bias = 0.00
client 0, round 3, step 400, loss = 0.092392, learning_rate = 0.000100, training_accu = 0.953125, bias = 0.00
client checkpoint saved in /research/byu2/rchen/proj/wwy/jp/model/client_0/model-3-600-0-before.ckpt
check points 0: searching /research/byu2/rchen/proj/wwy/jp/model/client_0
found /research/byu2/rchen/proj/wwy/jp/model/client_0/model-3-600-0-before.ckpt
model saved in /research/byu2/rchen/proj/wwy/jp/model/server/model-3-.ckpt
server round 4/50
clients selected: [0]
client 0
Restoring client from /research/byu2/rchen/proj/wwy/jp/model/client_0/model-3-600-0-before.ckpt
client 0, round 4, step 0, loss = 0.198333, learning_rate = 0.000100, training_accu = 0.921875, bias = 0.00
client 0, round 4, step 200, loss = 0.070039, learning_rate = 0.000100, training_accu = 0.968750, bias = 0.00
client 0, round 4, step 400, loss = 0.145766, learning_rate = 0.000100, training_accu = 0.968750, bias = 0.00
client checkpoint saved in /research/byu2/rchen/proj/wwy/jp/model/client_0/model-4-600-0-before.ckpt
check points 0: searching /research/byu2/rchen/proj/wwy/jp/model/client_0
found /research/byu2/rchen/proj/wwy/jp/model/client_0/model-4-600-0-before.ckpt
model saved in /research/byu2/rchen/proj/wwy/jp/model/server/model-4-.ckpt
server round 5/50
clients selected: [0]
client 0
Restoring client from /research/byu2/rchen/proj/wwy/jp/model/client_0/model-4-600-0-before.ckpt
client 0, round 5, step 0, loss = 0.107550, learning_rate = 0.000075, training_accu = 0.953125, bias = 0.00
client 0, round 5, step 200, loss = 0.068123, learning_rate = 0.000075, training_accu = 0.968750, bias = 0.00
client 0, round 5, step 400, loss = 0.163232, learning_rate = 0.000075, training_accu = 0.953125, bias = 0.00
client checkpoint saved in /research/byu2/rchen/proj/wwy/jp/model/client_0/model-5-600-0-before.ckpt
check points 0: searching /research/byu2/rchen/proj/wwy/jp/model/client_0
found /research/byu2/rchen/proj/wwy/jp/model/client_0/model-5-600-0-before.ckpt
model saved in /research/byu2/rchen/proj/wwy/jp/model/server/model-5-.ckpt
server round 6/50
clients selected: [0]
client 0
Restoring client from /research/byu2/rchen/proj/wwy/jp/model/client_0/model-5-600-0-before.ckpt
client 0, round 6, step 0, loss = 0.043979, learning_rate = 0.000075, training_accu = 1.000000, bias = 0.00
client 0, round 6, step 200, loss = 0.103083, learning_rate = 0.000075, training_accu = 0.953125, bias = 0.00
client 0, round 6, step 400, loss = 0.043957, learning_rate = 0.000075, training_accu = 0.984375, bias = 0.00
client checkpoint saved in /research/byu2/rchen/proj/wwy/jp/model/client_0/model-6-600-0-before.ckpt
check points 0: searching /research/byu2/rchen/proj/wwy/jp/model/client_0
found /research/byu2/rchen/proj/wwy/jp/model/client_0/model-6-600-0-before.ckpt
model saved in /research/byu2/rchen/proj/wwy/jp/model/server/model-6-.ckpt
server round 7/50
clients selected: [0]
client 0
Restoring client from /research/byu2/rchen/proj/wwy/jp/model/client_0/model-6-600-0-before.ckpt
client 0, round 7, step 0, loss = 0.029254, learning_rate = 0.000075, training_accu = 0.984375, bias = 0.00
client 0, round 7, step 200, loss = 0.083852, learning_rate = 0.000075, training_accu = 0.984375, bias = 0.00
client 0, round 7, step 400, loss = 0.061851, learning_rate = 0.000075, training_accu = 0.968750, bias = 0.00
client checkpoint saved in /research/byu2/rchen/proj/wwy/jp/model/client_0/model-7-600-0-before.ckpt
check points 0: searching /research/byu2/rchen/proj/wwy/jp/model/client_0
found /research/byu2/rchen/proj/wwy/jp/model/client_0/model-7-600-0-before.ckpt
model saved in /research/byu2/rchen/proj/wwy/jp/model/server/model-7-.ckpt
server round 8/50
clients selected: [0]
client 0
Restoring client from /research/byu2/rchen/proj/wwy/jp/model/client_0/model-7-600-0-before.ckpt
client 0, round 8, step 0, loss = 0.071650, learning_rate = 0.000075, training_accu = 0.968750, bias = 0.00
client 0, round 8, step 200, loss = 0.076310, learning_rate = 0.000075, training_accu = 0.953125, bias = 0.00
client 0, round 8, step 400, loss = 0.118610, learning_rate = 0.000075, training_accu = 0.937500, bias = 0.00
client checkpoint saved in /research/byu2/rchen/proj/wwy/jp/model/client_0/model-8-600-0-before.ckpt
check points 0: searching /research/byu2/rchen/proj/wwy/jp/model/client_0
found /research/byu2/rchen/proj/wwy/jp/model/client_0/model-8-600-0-before.ckpt
model saved in /research/byu2/rchen/proj/wwy/jp/model/server/model-8-.ckpt
server round 9/50
clients selected: [0]
client 0
Restoring client from /research/byu2/rchen/proj/wwy/jp/model/client_0/model-8-600-0-before.ckpt
client 0, round 9, step 0, loss = 0.039935, learning_rate = 0.000075, training_accu = 1.000000, bias = 0.00
client 0, round 9, step 200, loss = 0.025406, learning_rate = 0.000075, training_accu = 1.000000, bias = 0.00
client 0, round 9, step 400, loss = 0.101926, learning_rate = 0.000075, training_accu = 0.953125, bias = 0.00
client checkpoint saved in /research/byu2/rchen/proj/wwy/jp/model/client_0/model-9-600-0-before.ckpt
check points 0: searching /research/byu2/rchen/proj/wwy/jp/model/client_0
found /research/byu2/rchen/proj/wwy/jp/model/client_0/model-9-600-0-before.ckpt
model saved in /research/byu2/rchen/proj/wwy/jp/model/server/model-9-.ckpt
server round 10/50
clients selected: [0]
client 0
Restoring client from /research/byu2/rchen/proj/wwy/jp/model/client_0/model-9-600-0-before.ckpt
client 0, round 10, step 0, loss = 0.134504, learning_rate = 0.000056, training_accu = 0.937500, bias = 0.00
client 0, round 10, step 200, loss = 0.019119, learning_rate = 0.000056, training_accu = 1.000000, bias = 0.00
client 0, round 10, step 400, loss = 0.062297, learning_rate = 0.000056, training_accu = 0.968750, bias = 0.00
client checkpoint saved in /research/byu2/rchen/proj/wwy/jp/model/client_0/model-10-600-0-before.ckpt
check points 0: searching /research/byu2/rchen/proj/wwy/jp/model/client_0
found /research/byu2/rchen/proj/wwy/jp/model/client_0/model-10-600-0-before.ckpt
model saved in /research/byu2/rchen/proj/wwy/jp/model/server/model-10-.ckpt
server round 11/50
clients selected: [0]
client 0
Restoring client from /research/byu2/rchen/proj/wwy/jp/model/client_0/model-10-600-0-before.ckpt
client 0, round 11, step 0, loss = 0.029960, learning_rate = 0.000056, training_accu = 1.000000, bias = 0.00
client 0, round 11, step 200, loss = 0.030823, learning_rate = 0.000056, training_accu = 1.000000, bias = 0.00
client 0, round 11, step 400, loss = 0.025203, learning_rate = 0.000056, training_accu = 1.000000, bias = 0.00
client checkpoint saved in /research/byu2/rchen/proj/wwy/jp/model/client_0/model-11-600-0-before.ckpt
check points 0: searching /research/byu2/rchen/proj/wwy/jp/model/client_0
found /research/byu2/rchen/proj/wwy/jp/model/client_0/model-11-600-0-before.ckpt
model saved in /research/byu2/rchen/proj/wwy/jp/model/server/model-11-.ckpt
server round 12/50
clients selected: [0]
client 0
Restoring client from /research/byu2/rchen/proj/wwy/jp/model/client_0/model-11-600-0-before.ckpt
client 0, round 12, step 0, loss = 0.025029, learning_rate = 0.000056, training_accu = 1.000000, bias = 0.00
client 0, round 12, step 200, loss = 0.029693, learning_rate = 0.000056, training_accu = 1.000000, bias = 0.00
client 0, round 12, step 400, loss = 0.078703, learning_rate = 0.000056, training_accu = 0.968750, bias = 0.00
client checkpoint saved in /research/byu2/rchen/proj/wwy/jp/model/client_0/model-12-600-0-before.ckpt
check points 0: searching /research/byu2/rchen/proj/wwy/jp/model/client_0
found /research/byu2/rchen/proj/wwy/jp/model/client_0/model-12-600-0-before.ckpt
model saved in /research/byu2/rchen/proj/wwy/jp/model/server/model-12-.ckpt
server round 13/50
clients selected: [0]
client 0
Restoring client from /research/byu2/rchen/proj/wwy/jp/model/client_0/model-12-600-0-before.ckpt
client 0, round 13, step 0, loss = 0.018381, learning_rate = 0.000056, training_accu = 1.000000, bias = 0.00
client 0, round 13, step 200, loss = 0.011990, learning_rate = 0.000056, training_accu = 1.000000, bias = 0.00
client 0, round 13, step 400, loss = 0.041511, learning_rate = 0.000056, training_accu = 1.000000, bias = 0.00
client checkpoint saved in /research/byu2/rchen/proj/wwy/jp/model/client_0/model-13-600-0-before.ckpt
check points 0: searching /research/byu2/rchen/proj/wwy/jp/model/client_0
found /research/byu2/rchen/proj/wwy/jp/model/client_0/model-13-600-0-before.ckpt
model saved in /research/byu2/rchen/proj/wwy/jp/model/server/model-13-.ckpt
server round 14/50
clients selected: [0]
client 0
Restoring client from /research/byu2/rchen/proj/wwy/jp/model/client_0/model-13-600-0-before.ckpt
client 0, round 14, step 0, loss = 0.027640, learning_rate = 0.000056, training_accu = 0.984375, bias = 0.00
client 0, round 14, step 200, loss = 0.065793, learning_rate = 0.000056, training_accu = 0.968750, bias = 0.00
client 0, round 14, step 400, loss = 0.052767, learning_rate = 0.000056, training_accu = 0.968750, bias = 0.00
client checkpoint saved in /research/byu2/rchen/proj/wwy/jp/model/client_0/model-14-600-0-before.ckpt
check points 0: searching /research/byu2/rchen/proj/wwy/jp/model/client_0
found /research/byu2/rchen/proj/wwy/jp/model/client_0/model-14-600-0-before.ckpt
model saved in /research/byu2/rchen/proj/wwy/jp/model/server/model-14-.ckpt
server round 15/50
clients selected: [0]
client 0
Restoring client from /research/byu2/rchen/proj/wwy/jp/model/client_0/model-14-600-0-before.ckpt
client 0, round 15, step 0, loss = 0.038105, learning_rate = 0.000042, training_accu = 0.984375, bias = 0.00
client 0, round 15, step 200, loss = 0.033058, learning_rate = 0.000042, training_accu = 1.000000, bias = 0.00
client 0, round 15, step 400, loss = 0.017943, learning_rate = 0.000042, training_accu = 1.000000, bias = 0.00
client checkpoint saved in /research/byu2/rchen/proj/wwy/jp/model/client_0/model-15-600-0-before.ckpt
check points 0: searching /research/byu2/rchen/proj/wwy/jp/model/client_0
found /research/byu2/rchen/proj/wwy/jp/model/client_0/model-15-600-0-before.ckpt
model saved in /research/byu2/rchen/proj/wwy/jp/model/server/model-15-.ckpt
server round 16/50
clients selected: [0]
client 0
Restoring client from /research/byu2/rchen/proj/wwy/jp/model/client_0/model-15-600-0-before.ckpt
client 0, round 16, step 0, loss = 0.016168, learning_rate = 0.000042, training_accu = 1.000000, bias = 0.00
client 0, round 16, step 200, loss = 0.023407, learning_rate = 0.000042, training_accu = 1.000000, bias = 0.00
client 0, round 16, step 400, loss = 0.059899, learning_rate = 0.000042, training_accu = 0.968750, bias = 0.00
client checkpoint saved in /research/byu2/rchen/proj/wwy/jp/model/client_0/model-16-600-0-before.ckpt
check points 0: searching /research/byu2/rchen/proj/wwy/jp/model/client_0
found /research/byu2/rchen/proj/wwy/jp/model/client_0/model-16-600-0-before.ckpt
model saved in /research/byu2/rchen/proj/wwy/jp/model/server/model-16-.ckpt
server round 17/50
clients selected: [0]
client 0
Restoring client from /research/byu2/rchen/proj/wwy/jp/model/client_0/model-16-600-0-before.ckpt
client 0, round 17, step 0, loss = 0.018678, learning_rate = 0.000042, training_accu = 1.000000, bias = 0.00
client 0, round 17, step 200, loss = 0.009112, learning_rate = 0.000042, training_accu = 1.000000, bias = 0.00
client 0, round 17, step 400, loss = 0.027109, learning_rate = 0.000042, training_accu = 0.984375, bias = 0.00
client checkpoint saved in /research/byu2/rchen/proj/wwy/jp/model/client_0/model-17-600-0-before.ckpt
check points 0: searching /research/byu2/rchen/proj/wwy/jp/model/client_0
found /research/byu2/rchen/proj/wwy/jp/model/client_0/model-17-600-0-before.ckpt
model saved in /research/byu2/rchen/proj/wwy/jp/model/server/model-17-.ckpt
server round 18/50
clients selected: [0]
client 0
Restoring client from /research/byu2/rchen/proj/wwy/jp/model/client_0/model-17-600-0-before.ckpt
client 0, round 18, step 0, loss = 0.063281, learning_rate = 0.000042, training_accu = 0.984375, bias = 0.00
client 0, round 18, step 200, loss = 0.018971, learning_rate = 0.000042, training_accu = 0.984375, bias = 0.00
client 0, round 18, step 400, loss = 0.055602, learning_rate = 0.000042, training_accu = 0.968750, bias = 0.00
client checkpoint saved in /research/byu2/rchen/proj/wwy/jp/model/client_0/model-18-600-0-before.ckpt
check points 0: searching /research/byu2/rchen/proj/wwy/jp/model/client_0
found /research/byu2/rchen/proj/wwy/jp/model/client_0/model-18-600-0-before.ckpt
model saved in /research/byu2/rchen/proj/wwy/jp/model/server/model-18-.ckpt
server round 19/50
clients selected: [0]
client 0
Restoring client from /research/byu2/rchen/proj/wwy/jp/model/client_0/model-18-600-0-before.ckpt
client 0, round 19, step 0, loss = 0.008859, learning_rate = 0.000042, training_accu = 1.000000, bias = 0.00
client 0, round 19, step 200, loss = 0.043976, learning_rate = 0.000042, training_accu = 0.984375, bias = 0.00
client 0, round 19, step 400, loss = 0.038355, learning_rate = 0.000042, training_accu = 0.984375, bias = 0.00
client checkpoint saved in /research/byu2/rchen/proj/wwy/jp/model/client_0/model-19-600-0-before.ckpt
check points 0: searching /research/byu2/rchen/proj/wwy/jp/model/client_0
found /research/byu2/rchen/proj/wwy/jp/model/client_0/model-19-600-0-before.ckpt
model saved in /research/byu2/rchen/proj/wwy/jp/model/server/model-19-.ckpt
server round 20/50
clients selected: [0]
client 0
Restoring client from /research/byu2/rchen/proj/wwy/jp/model/client_0/model-19-600-0-before.ckpt
client 0, round 20, step 0, loss = 0.015841, learning_rate = 0.000032, training_accu = 1.000000, bias = 0.00
client 0, round 20, step 200, loss = 0.026320, learning_rate = 0.000032, training_accu = 1.000000, bias = 0.00
client 0, round 20, step 400, loss = 0.005959, learning_rate = 0.000032, training_accu = 1.000000, bias = 0.00
client checkpoint saved in /research/byu2/rchen/proj/wwy/jp/model/client_0/model-20-600-0-before.ckpt
check points 0: searching /research/byu2/rchen/proj/wwy/jp/model/client_0
found /research/byu2/rchen/proj/wwy/jp/model/client_0/model-20-600-0-before.ckpt
model saved in /research/byu2/rchen/proj/wwy/jp/model/server/model-20-.ckpt
server round 21/50
clients selected: [0]
client 0
Restoring client from /research/byu2/rchen/proj/wwy/jp/model/client_0/model-20-600-0-before.ckpt
client 0, round 21, step 0, loss = 0.031462, learning_rate = 0.000032, training_accu = 0.984375, bias = 0.00
client 0, round 21, step 200, loss = 0.010127, learning_rate = 0.000032, training_accu = 1.000000, bias = 0.00
client 0, round 21, step 400, loss = 0.013124, learning_rate = 0.000032, training_accu = 1.000000, bias = 0.00
client checkpoint saved in /research/byu2/rchen/proj/wwy/jp/model/client_0/model-21-600-0-before.ckpt
check points 0: searching /research/byu2/rchen/proj/wwy/jp/model/client_0
found /research/byu2/rchen/proj/wwy/jp/model/client_0/model-21-600-0-before.ckpt
model saved in /research/byu2/rchen/proj/wwy/jp/model/server/model-21-.ckpt
server round 22/50
clients selected: [0]
client 0
Restoring client from /research/byu2/rchen/proj/wwy/jp/model/client_0/model-21-600-0-before.ckpt
client 0, round 22, step 0, loss = 0.044962, learning_rate = 0.000032, training_accu = 0.968750, bias = 0.00
client 0, round 22, step 200, loss = 0.023875, learning_rate = 0.000032, training_accu = 0.984375, bias = 0.00
client 0, round 22, step 400, loss = 0.014944, learning_rate = 0.000032, training_accu = 1.000000, bias = 0.00
client checkpoint saved in /research/byu2/rchen/proj/wwy/jp/model/client_0/model-22-600-0-before.ckpt
check points 0: searching /research/byu2/rchen/proj/wwy/jp/model/client_0
found /research/byu2/rchen/proj/wwy/jp/model/client_0/model-22-600-0-before.ckpt
model saved in /research/byu2/rchen/proj/wwy/jp/model/server/model-22-.ckpt
server round 23/50
clients selected: [0]
client 0
Restoring client from /research/byu2/rchen/proj/wwy/jp/model/client_0/model-22-600-0-before.ckpt
client 0, round 23, step 0, loss = 0.030624, learning_rate = 0.000032, training_accu = 0.984375, bias = 0.00
client 0, round 23, step 200, loss = 0.019509, learning_rate = 0.000032, training_accu = 1.000000, bias = 0.00
client 0, round 23, step 400, loss = 0.011614, learning_rate = 0.000032, training_accu = 1.000000, bias = 0.00
client checkpoint saved in /research/byu2/rchen/proj/wwy/jp/model/client_0/model-23-600-0-before.ckpt
check points 0: searching /research/byu2/rchen/proj/wwy/jp/model/client_0
found /research/byu2/rchen/proj/wwy/jp/model/client_0/model-23-600-0-before.ckpt
model saved in /research/byu2/rchen/proj/wwy/jp/model/server/model-23-.ckpt
server round 24/50
clients selected: [0]
client 0
Restoring client from /research/byu2/rchen/proj/wwy/jp/model/client_0/model-23-600-0-before.ckpt
client 0, round 24, step 0, loss = 0.041391, learning_rate = 0.000032, training_accu = 1.000000, bias = 0.00
client 0, round 24, step 200, loss = 0.008678, learning_rate = 0.000032, training_accu = 1.000000, bias = 0.00
client 0, round 24, step 400, loss = 0.091574, learning_rate = 0.000032, training_accu = 0.937500, bias = 0.00
client checkpoint saved in /research/byu2/rchen/proj/wwy/jp/model/client_0/model-24-600-0-before.ckpt
check points 0: searching /research/byu2/rchen/proj/wwy/jp/model/client_0
found /research/byu2/rchen/proj/wwy/jp/model/client_0/model-24-600-0-before.ckpt
model saved in /research/byu2/rchen/proj/wwy/jp/model/server/model-24-.ckpt
server round 25/50
clients selected: [0]
client 0
Restoring client from /research/byu2/rchen/proj/wwy/jp/model/client_0/model-24-600-0-before.ckpt
client 0, round 25, step 0, loss = 0.118234, learning_rate = 0.000024, training_accu = 0.953125, bias = 0.00
client 0, round 25, step 200, loss = 0.018967, learning_rate = 0.000024, training_accu = 0.984375, bias = 0.00
client 0, round 25, step 400, loss = 0.033777, learning_rate = 0.000024, training_accu = 0.968750, bias = 0.00
client checkpoint saved in /research/byu2/rchen/proj/wwy/jp/model/client_0/model-25-600-0-before.ckpt
check points 0: searching /research/byu2/rchen/proj/wwy/jp/model/client_0
found /research/byu2/rchen/proj/wwy/jp/model/client_0/model-25-600-0-before.ckpt
model saved in /research/byu2/rchen/proj/wwy/jp/model/server/model-25-.ckpt
server round 26/50
clients selected: [0]
client 0
Restoring client from /research/byu2/rchen/proj/wwy/jp/model/client_0/model-25-600-0-before.ckpt
client 0, round 26, step 0, loss = 0.015056, learning_rate = 0.000024, training_accu = 1.000000, bias = 0.00
client 0, round 26, step 200, loss = 0.016313, learning_rate = 0.000024, training_accu = 1.000000, bias = 0.00
client 0, round 26, step 400, loss = 0.024656, learning_rate = 0.000024, training_accu = 1.000000, bias = 0.00
client checkpoint saved in /research/byu2/rchen/proj/wwy/jp/model/client_0/model-26-600-0-before.ckpt
check points 0: searching /research/byu2/rchen/proj/wwy/jp/model/client_0
found /research/byu2/rchen/proj/wwy/jp/model/client_0/model-26-600-0-before.ckpt
model saved in /research/byu2/rchen/proj/wwy/jp/model/server/model-26-.ckpt
server round 27/50
clients selected: [0]
client 0
Restoring client from /research/byu2/rchen/proj/wwy/jp/model/client_0/model-26-600-0-before.ckpt
client 0, round 27, step 0, loss = 0.057058, learning_rate = 0.000024, training_accu = 0.984375, bias = 0.00
client 0, round 27, step 200, loss = 0.004684, learning_rate = 0.000024, training_accu = 1.000000, bias = 0.00
client 0, round 27, step 400, loss = 0.003555, learning_rate = 0.000024, training_accu = 1.000000, bias = 0.00
client checkpoint saved in /research/byu2/rchen/proj/wwy/jp/model/client_0/model-27-600-0-before.ckpt
check points 0: searching /research/byu2/rchen/proj/wwy/jp/model/client_0
found /research/byu2/rchen/proj/wwy/jp/model/client_0/model-27-600-0-before.ckpt
model saved in /research/byu2/rchen/proj/wwy/jp/model/server/model-27-.ckpt
server round 28/50
clients selected: [0]
client 0
Restoring client from /research/byu2/rchen/proj/wwy/jp/model/client_0/model-27-600-0-before.ckpt
client 0, round 28, step 0, loss = 0.018691, learning_rate = 0.000024, training_accu = 1.000000, bias = 0.00
client 0, round 28, step 200, loss = 0.003303, learning_rate = 0.000024, training_accu = 1.000000, bias = 0.00
client 0, round 28, step 400, loss = 0.036906, learning_rate = 0.000024, training_accu = 0.984375, bias = 0.00
client checkpoint saved in /research/byu2/rchen/proj/wwy/jp/model/client_0/model-28-600-0-before.ckpt
check points 0: searching /research/byu2/rchen/proj/wwy/jp/model/client_0
found /research/byu2/rchen/proj/wwy/jp/model/client_0/model-28-600-0-before.ckpt
model saved in /research/byu2/rchen/proj/wwy/jp/model/server/model-28-.ckpt
server round 29/50
clients selected: [0]
client 0
Restoring client from /research/byu2/rchen/proj/wwy/jp/model/client_0/model-28-600-0-before.ckpt
client 0, round 29, step 0, loss = 0.020426, learning_rate = 0.000024, training_accu = 1.000000, bias = 0.00
client 0, round 29, step 200, loss = 0.024561, learning_rate = 0.000024, training_accu = 0.968750, bias = 0.00
client 0, round 29, step 400, loss = 0.046973, learning_rate = 0.000024, training_accu = 0.968750, bias = 0.00
client checkpoint saved in /research/byu2/rchen/proj/wwy/jp/model/client_0/model-29-600-0-before.ckpt
check points 0: searching /research/byu2/rchen/proj/wwy/jp/model/client_0
found /research/byu2/rchen/proj/wwy/jp/model/client_0/model-29-600-0-before.ckpt
model saved in /research/byu2/rchen/proj/wwy/jp/model/server/model-29-.ckpt
server round 30/50
clients selected: [0]
client 0
Restoring client from /research/byu2/rchen/proj/wwy/jp/model/client_0/model-29-600-0-before.ckpt
client 0, round 30, step 0, loss = 0.039313, learning_rate = 0.000018, training_accu = 0.984375, bias = 0.00
client 0, round 30, step 200, loss = 0.041904, learning_rate = 0.000018, training_accu = 0.984375, bias = 0.00
client 0, round 30, step 400, loss = 0.014939, learning_rate = 0.000018, training_accu = 1.000000, bias = 0.00
client checkpoint saved in /research/byu2/rchen/proj/wwy/jp/model/client_0/model-30-600-0-before.ckpt
check points 0: searching /research/byu2/rchen/proj/wwy/jp/model/client_0
found /research/byu2/rchen/proj/wwy/jp/model/client_0/model-30-600-0-before.ckpt
model saved in /research/byu2/rchen/proj/wwy/jp/model/server/model-30-.ckpt
server round 31/50
clients selected: [0]
client 0
Restoring client from /research/byu2/rchen/proj/wwy/jp/model/client_0/model-30-600-0-before.ckpt
client 0, round 31, step 0, loss = 0.018548, learning_rate = 0.000018, training_accu = 0.984375, bias = 0.00
client 0, round 31, step 200, loss = 0.004191, learning_rate = 0.000018, training_accu = 1.000000, bias = 0.00
client 0, round 31, step 400, loss = 0.039956, learning_rate = 0.000018, training_accu = 0.984375, bias = 0.00
client checkpoint saved in /research/byu2/rchen/proj/wwy/jp/model/client_0/model-31-600-0-before.ckpt
check points 0: searching /research/byu2/rchen/proj/wwy/jp/model/client_0
found /research/byu2/rchen/proj/wwy/jp/model/client_0/model-31-600-0-before.ckpt
model saved in /research/byu2/rchen/proj/wwy/jp/model/server/model-31-.ckpt
server round 32/50
clients selected: [0]
client 0
Restoring client from /research/byu2/rchen/proj/wwy/jp/model/client_0/model-31-600-0-before.ckpt
client 0, round 32, step 0, loss = 0.012471, learning_rate = 0.000018, training_accu = 1.000000, bias = 0.00
client 0, round 32, step 200, loss = 0.012825, learning_rate = 0.000018, training_accu = 1.000000, bias = 0.00
client 0, round 32, step 400, loss = 0.013652, learning_rate = 0.000018, training_accu = 1.000000, bias = 0.00
client checkpoint saved in /research/byu2/rchen/proj/wwy/jp/model/client_0/model-32-600-0-before.ckpt
check points 0: searching /research/byu2/rchen/proj/wwy/jp/model/client_0
found /research/byu2/rchen/proj/wwy/jp/model/client_0/model-32-600-0-before.ckpt
model saved in /research/byu2/rchen/proj/wwy/jp/model/server/model-32-.ckpt
server round 33/50
clients selected: [0]
client 0
Restoring client from /research/byu2/rchen/proj/wwy/jp/model/client_0/model-32-600-0-before.ckpt
client 0, round 33, step 0, loss = 0.016630, learning_rate = 0.000018, training_accu = 0.984375, bias = 0.00
client 0, round 33, step 200, loss = 0.073918, learning_rate = 0.000018, training_accu = 0.953125, bias = 0.00
client 0, round 33, step 400, loss = 0.027488, learning_rate = 0.000018, training_accu = 0.984375, bias = 0.00
client checkpoint saved in /research/byu2/rchen/proj/wwy/jp/model/client_0/model-33-600-0-before.ckpt
check points 0: searching /research/byu2/rchen/proj/wwy/jp/model/client_0
found /research/byu2/rchen/proj/wwy/jp/model/client_0/model-33-600-0-before.ckpt
model saved in /research/byu2/rchen/proj/wwy/jp/model/server/model-33-.ckpt
server round 34/50
clients selected: [0]
client 0
Restoring client from /research/byu2/rchen/proj/wwy/jp/model/client_0/model-33-600-0-before.ckpt
client 0, round 34, step 0, loss = 0.034333, learning_rate = 0.000018, training_accu = 0.984375, bias = 0.00
client 0, round 34, step 200, loss = 0.027510, learning_rate = 0.000018, training_accu = 0.984375, bias = 0.00
client 0, round 34, step 400, loss = 0.045480, learning_rate = 0.000018, training_accu = 0.984375, bias = 0.00
client checkpoint saved in /research/byu2/rchen/proj/wwy/jp/model/client_0/model-34-600-0-before.ckpt
check points 0: searching /research/byu2/rchen/proj/wwy/jp/model/client_0
found /research/byu2/rchen/proj/wwy/jp/model/client_0/model-34-600-0-before.ckpt
model saved in /research/byu2/rchen/proj/wwy/jp/model/server/model-34-.ckpt
server round 35/50
clients selected: [0]
client 0
Restoring client from /research/byu2/rchen/proj/wwy/jp/model/client_0/model-34-600-0-before.ckpt
client 0, round 35, step 0, loss = 0.030181, learning_rate = 0.000013, training_accu = 0.984375, bias = 0.00
client 0, round 35, step 200, loss = 0.010557, learning_rate = 0.000013, training_accu = 1.000000, bias = 0.00
client 0, round 35, step 400, loss = 0.049844, learning_rate = 0.000013, training_accu = 0.953125, bias = 0.00
client checkpoint saved in /research/byu2/rchen/proj/wwy/jp/model/client_0/model-35-600-0-before.ckpt
check points 0: searching /research/byu2/rchen/proj/wwy/jp/model/client_0
found /research/byu2/rchen/proj/wwy/jp/model/client_0/model-35-600-0-before.ckpt
model saved in /research/byu2/rchen/proj/wwy/jp/model/server/model-35-.ckpt
server round 36/50
clients selected: [0]
client 0
Restoring client from /research/byu2/rchen/proj/wwy/jp/model/client_0/model-35-600-0-before.ckpt
client 0, round 36, step 0, loss = 0.013484, learning_rate = 0.000013, training_accu = 1.000000, bias = 0.00
client 0, round 36, step 200, loss = 0.029254, learning_rate = 0.000013, training_accu = 0.984375, bias = 0.00
client 0, round 36, step 400, loss = 0.006619, learning_rate = 0.000013, training_accu = 1.000000, bias = 0.00
client checkpoint saved in /research/byu2/rchen/proj/wwy/jp/model/client_0/model-36-600-0-before.ckpt
check points 0: searching /research/byu2/rchen/proj/wwy/jp/model/client_0
found /research/byu2/rchen/proj/wwy/jp/model/client_0/model-36-600-0-before.ckpt
model saved in /research/byu2/rchen/proj/wwy/jp/model/server/model-36-.ckpt
server round 37/50
clients selected: [0]
client 0
Restoring client from /research/byu2/rchen/proj/wwy/jp/model/client_0/model-36-600-0-before.ckpt
client 0, round 37, step 0, loss = 0.013456, learning_rate = 0.000013, training_accu = 1.000000, bias = 0.00
client 0, round 37, step 200, loss = 0.027246, learning_rate = 0.000013, training_accu = 0.984375, bias = 0.00
client 0, round 37, step 400, loss = 0.020885, learning_rate = 0.000013, training_accu = 0.984375, bias = 0.00
client checkpoint saved in /research/byu2/rchen/proj/wwy/jp/model/client_0/model-37-600-0-before.ckpt
check points 0: searching /research/byu2/rchen/proj/wwy/jp/model/client_0
found /research/byu2/rchen/proj/wwy/jp/model/client_0/model-37-600-0-before.ckpt
model saved in /research/byu2/rchen/proj/wwy/jp/model/server/model-37-.ckpt
server round 38/50
clients selected: [0]
client 0
Restoring client from /research/byu2/rchen/proj/wwy/jp/model/client_0/model-37-600-0-before.ckpt
client 0, round 38, step 0, loss = 0.002520, learning_rate = 0.000013, training_accu = 1.000000, bias = 0.00
client 0, round 38, step 200, loss = 0.024973, learning_rate = 0.000013, training_accu = 1.000000, bias = 0.00
client 0, round 38, step 400, loss = 0.016450, learning_rate = 0.000013, training_accu = 1.000000, bias = 0.00
client checkpoint saved in /research/byu2/rchen/proj/wwy/jp/model/client_0/model-38-600-0-before.ckpt
check points 0: searching /research/byu2/rchen/proj/wwy/jp/model/client_0
found /research/byu2/rchen/proj/wwy/jp/model/client_0/model-38-600-0-before.ckpt
model saved in /research/byu2/rchen/proj/wwy/jp/model/server/model-38-.ckpt
server round 39/50
clients selected: [0]
client 0
Restoring client from /research/byu2/rchen/proj/wwy/jp/model/client_0/model-38-600-0-before.ckpt
client 0, round 39, step 0, loss = 0.055579, learning_rate = 0.000013, training_accu = 0.968750, bias = 0.00
client 0, round 39, step 200, loss = 0.017662, learning_rate = 0.000013, training_accu = 1.000000, bias = 0.00
client 0, round 39, step 400, loss = 0.009275, learning_rate = 0.000013, training_accu = 1.000000, bias = 0.00
client checkpoint saved in /research/byu2/rchen/proj/wwy/jp/model/client_0/model-39-600-0-before.ckpt
check points 0: searching /research/byu2/rchen/proj/wwy/jp/model/client_0
found /research/byu2/rchen/proj/wwy/jp/model/client_0/model-39-600-0-before.ckpt
model saved in /research/byu2/rchen/proj/wwy/jp/model/server/model-39-.ckpt
server round 40/50
clients selected: [0]
client 0
Restoring client from /research/byu2/rchen/proj/wwy/jp/model/client_0/model-39-600-0-before.ckpt
client 0, round 40, step 0, loss = 0.007533, learning_rate = 0.000010, training_accu = 1.000000, bias = 0.00
client 0, round 40, step 200, loss = 0.038058, learning_rate = 0.000010, training_accu = 0.984375, bias = 0.00
client 0, round 40, step 400, loss = 0.019891, learning_rate = 0.000010, training_accu = 1.000000, bias = 0.00
client checkpoint saved in /research/byu2/rchen/proj/wwy/jp/model/client_0/model-40-600-0-before.ckpt
check points 0: searching /research/byu2/rchen/proj/wwy/jp/model/client_0
found /research/byu2/rchen/proj/wwy/jp/model/client_0/model-40-600-0-before.ckpt
model saved in /research/byu2/rchen/proj/wwy/jp/model/server/model-40-.ckpt
server round 41/50
clients selected: [0]
client 0
Restoring client from /research/byu2/rchen/proj/wwy/jp/model/client_0/model-40-600-0-before.ckpt
client 0, round 41, step 0, loss = 0.029316, learning_rate = 0.000010, training_accu = 0.984375, bias = 0.00
client 0, round 41, step 200, loss = 0.024459, learning_rate = 0.000010, training_accu = 1.000000, bias = 0.00
client 0, round 41, step 400, loss = 0.013049, learning_rate = 0.000010, training_accu = 0.984375, bias = 0.00
client checkpoint saved in /research/byu2/rchen/proj/wwy/jp/model/client_0/model-41-600-0-before.ckpt
check points 0: searching /research/byu2/rchen/proj/wwy/jp/model/client_0
found /research/byu2/rchen/proj/wwy/jp/model/client_0/model-41-600-0-before.ckpt
model saved in /research/byu2/rchen/proj/wwy/jp/model/server/model-41-.ckpt
server round 42/50
clients selected: [0]
client 0
Restoring client from /research/byu2/rchen/proj/wwy/jp/model/client_0/model-41-600-0-before.ckpt
client 0, round 42, step 0, loss = 0.003221, learning_rate = 0.000010, training_accu = 1.000000, bias = 0.00
client 0, round 42, step 200, loss = 0.059180, learning_rate = 0.000010, training_accu = 0.968750, bias = 0.00
client 0, round 42, step 400, loss = 0.002869, learning_rate = 0.000010, training_accu = 1.000000, bias = 0.00
client checkpoint saved in /research/byu2/rchen/proj/wwy/jp/model/client_0/model-42-600-0-before.ckpt
check points 0: searching /research/byu2/rchen/proj/wwy/jp/model/client_0
found /research/byu2/rchen/proj/wwy/jp/model/client_0/model-42-600-0-before.ckpt
model saved in /research/byu2/rchen/proj/wwy/jp/model/server/model-42-.ckpt
server round 43/50
clients selected: [0]
client 0
Restoring client from /research/byu2/rchen/proj/wwy/jp/model/client_0/model-42-600-0-before.ckpt
client 0, round 43, step 0, loss = 0.009411, learning_rate = 0.000010, training_accu = 1.000000, bias = 0.00
client 0, round 43, step 200, loss = 0.010472, learning_rate = 0.000010, training_accu = 1.000000, bias = 0.00
client 0, round 43, step 400, loss = 0.026724, learning_rate = 0.000010, training_accu = 0.984375, bias = 0.00
client checkpoint saved in /research/byu2/rchen/proj/wwy/jp/model/client_0/model-43-600-0-before.ckpt
check points 0: searching /research/byu2/rchen/proj/wwy/jp/model/client_0
found /research/byu2/rchen/proj/wwy/jp/model/client_0/model-43-600-0-before.ckpt
model saved in /research/byu2/rchen/proj/wwy/jp/model/server/model-43-.ckpt
server round 44/50
clients selected: [0]
client 0
Restoring client from /research/byu2/rchen/proj/wwy/jp/model/client_0/model-43-600-0-before.ckpt
client 0, round 44, step 0, loss = 0.002210, learning_rate = 0.000010, training_accu = 1.000000, bias = 0.00
client 0, round 44, step 200, loss = 0.037047, learning_rate = 0.000010, training_accu = 0.968750, bias = 0.00
client 0, round 44, step 400, loss = 0.013963, learning_rate = 0.000010, training_accu = 1.000000, bias = 0.00
client checkpoint saved in /research/byu2/rchen/proj/wwy/jp/model/client_0/model-44-600-0-before.ckpt
check points 0: searching /research/byu2/rchen/proj/wwy/jp/model/client_0
found /research/byu2/rchen/proj/wwy/jp/model/client_0/model-44-600-0-before.ckpt
model saved in /research/byu2/rchen/proj/wwy/jp/model/server/model-44-.ckpt
server round 45/50
clients selected: [0]
client 0
Restoring client from /research/byu2/rchen/proj/wwy/jp/model/client_0/model-44-600-0-before.ckpt
client 0, round 45, step 0, loss = 0.008961, learning_rate = 0.000008, training_accu = 1.000000, bias = 0.00
client 0, round 45, step 200, loss = 0.016630, learning_rate = 0.000008, training_accu = 1.000000, bias = 0.00
client 0, round 45, step 400, loss = 0.007188, learning_rate = 0.000008, training_accu = 1.000000, bias = 0.00
client checkpoint saved in /research/byu2/rchen/proj/wwy/jp/model/client_0/model-45-600-0-before.ckpt
check points 0: searching /research/byu2/rchen/proj/wwy/jp/model/client_0
found /research/byu2/rchen/proj/wwy/jp/model/client_0/model-45-600-0-before.ckpt
model saved in /research/byu2/rchen/proj/wwy/jp/model/server/model-45-.ckpt
server round 46/50
clients selected: [0]
client 0
Restoring client from /research/byu2/rchen/proj/wwy/jp/model/client_0/model-45-600-0-before.ckpt
client 0, round 46, step 0, loss = 0.024000, learning_rate = 0.000008, training_accu = 1.000000, bias = 0.00
client 0, round 46, step 200, loss = 0.008699, learning_rate = 0.000008, training_accu = 1.000000, bias = 0.00
client 0, round 46, step 400, loss = 0.001935, learning_rate = 0.000008, training_accu = 1.000000, bias = 0.00
client checkpoint saved in /research/byu2/rchen/proj/wwy/jp/model/client_0/model-46-600-0-before.ckpt
check points 0: searching /research/byu2/rchen/proj/wwy/jp/model/client_0
found /research/byu2/rchen/proj/wwy/jp/model/client_0/model-46-600-0-before.ckpt
model saved in /research/byu2/rchen/proj/wwy/jp/model/server/model-46-.ckpt
server round 47/50
clients selected: [0]
client 0
Restoring client from /research/byu2/rchen/proj/wwy/jp/model/client_0/model-46-600-0-before.ckpt
client 0, round 47, step 0, loss = 0.015793, learning_rate = 0.000008, training_accu = 0.984375, bias = 0.00
client 0, round 47, step 200, loss = 0.075439, learning_rate = 0.000008, training_accu = 0.984375, bias = 0.00
client 0, round 47, step 400, loss = 0.008790, learning_rate = 0.000008, training_accu = 1.000000, bias = 0.00
client checkpoint saved in /research/byu2/rchen/proj/wwy/jp/model/client_0/model-47-600-0-before.ckpt
check points 0: searching /research/byu2/rchen/proj/wwy/jp/model/client_0
found /research/byu2/rchen/proj/wwy/jp/model/client_0/model-47-600-0-before.ckpt
model saved in /research/byu2/rchen/proj/wwy/jp/model/server/model-47-.ckpt
server round 48/50
clients selected: [0]
client 0
Restoring client from /research/byu2/rchen/proj/wwy/jp/model/client_0/model-47-600-0-before.ckpt
client 0, round 48, step 0, loss = 0.035173, learning_rate = 0.000008, training_accu = 0.984375, bias = 0.00
client 0, round 48, step 200, loss = 0.002663, learning_rate = 0.000008, training_accu = 1.000000, bias = 0.00
client 0, round 48, step 400, loss = 0.001765, learning_rate = 0.000008, training_accu = 1.000000, bias = 0.00
client checkpoint saved in /research/byu2/rchen/proj/wwy/jp/model/client_0/model-48-600-0-before.ckpt
check points 0: searching /research/byu2/rchen/proj/wwy/jp/model/client_0
found /research/byu2/rchen/proj/wwy/jp/model/client_0/model-48-600-0-before.ckpt
model saved in /research/byu2/rchen/proj/wwy/jp/model/server/model-48-.ckpt
server round 49/50
clients selected: [0]
client 0
Restoring client from /research/byu2/rchen/proj/wwy/jp/model/client_0/model-48-600-0-before.ckpt
client 0, round 49, step 0, loss = 0.011539, learning_rate = 0.000008, training_accu = 1.000000, bias = 0.00
client 0, round 49, step 200, loss = 0.011137, learning_rate = 0.000008, training_accu = 1.000000, bias = 0.00
client 0, round 49, step 400, loss = 0.027852, learning_rate = 0.000008, training_accu = 0.984375, bias = 0.00
client checkpoint saved in /research/byu2/rchen/proj/wwy/jp/model/client_0/model-49-600-0-before.ckpt
check points 0: searching /research/byu2/rchen/proj/wwy/jp/model/client_0
found /research/byu2/rchen/proj/wwy/jp/model/client_0/model-49-600-0-before.ckpt
model saved in /research/byu2/rchen/proj/wwy/jp/model/server/model-49-.ckpt
