client model path: ['/research/byu2/rchen/proj/wwy/jp/model/client_0']
loading data into the main memory...
initialize clients
server round 0/50
clients selected: [0]
client 0
Restoring client from /research/byu2/rchen/proj/wwy/jp/model/client_0/model-init.ckpt
client 0, round 0, step 0, loss = 1.042979, learning_rate = 0.000100, training_accu = 0.406250, bias = 0.00
client 0, round 0, step 200, loss = 0.221074, learning_rate = 0.000100, training_accu = 0.937500, bias = 0.00
client 0, round 0, step 400, loss = 0.135504, learning_rate = 0.000100, training_accu = 0.953125, bias = 0.00
client checkpoint saved in /research/byu2/rchen/proj/wwy/jp/model/client_0/model-0-600-0-before.ckpt
check points 0: searching /research/byu2/rchen/proj/wwy/jp/model/client_0
found /research/byu2/rchen/proj/wwy/jp/model/client_0/model-0-600-0-before.ckpt
model saved in /research/byu2/rchen/proj/wwy/jp/model/server/model-0-.ckpt
server round 1/50
clients selected: [0]
client 0
Restoring client from /research/byu2/rchen/proj/wwy/jp/model/client_0/model-0-600-0-before.ckpt
client 0, round 1, step 0, loss = 0.056650, learning_rate = 0.000100, training_accu = 1.000000, bias = 0.00
client 0, round 1, step 200, loss = 0.048962, learning_rate = 0.000100, training_accu = 1.000000, bias = 0.00
client 0, round 1, step 400, loss = 0.031853, learning_rate = 0.000100, training_accu = 1.000000, bias = 0.00
client checkpoint saved in /research/byu2/rchen/proj/wwy/jp/model/client_0/model-1-600-0-before.ckpt
check points 0: searching /research/byu2/rchen/proj/wwy/jp/model/client_0
found /research/byu2/rchen/proj/wwy/jp/model/client_0/model-1-600-0-before.ckpt
model saved in /research/byu2/rchen/proj/wwy/jp/model/server/model-1-.ckpt
server round 2/50
clients selected: [0]
client 0
Restoring client from /research/byu2/rchen/proj/wwy/jp/model/client_0/model-1-600-0-before.ckpt
client 0, round 2, step 0, loss = 0.038825, learning_rate = 0.000100, training_accu = 0.984375, bias = 0.00
client 0, round 2, step 200, loss = 0.048899, learning_rate = 0.000100, training_accu = 0.984375, bias = 0.00
client 0, round 2, step 400, loss = 0.046797, learning_rate = 0.000100, training_accu = 0.984375, bias = 0.00
client checkpoint saved in /research/byu2/rchen/proj/wwy/jp/model/client_0/model-2-600-0-before.ckpt
check points 0: searching /research/byu2/rchen/proj/wwy/jp/model/client_0
found /research/byu2/rchen/proj/wwy/jp/model/client_0/model-2-600-0-before.ckpt
model saved in /research/byu2/rchen/proj/wwy/jp/model/server/model-2-.ckpt
server round 3/50
clients selected: [0]
client 0
Restoring client from /research/byu2/rchen/proj/wwy/jp/model/client_0/model-2-600-0-before.ckpt
client 0, round 3, step 0, loss = 0.017773, learning_rate = 0.000100, training_accu = 1.000000, bias = 0.00
client 0, round 3, step 200, loss = 0.014419, learning_rate = 0.000100, training_accu = 1.000000, bias = 0.00
client 0, round 3, step 400, loss = 0.006686, learning_rate = 0.000100, training_accu = 1.000000, bias = 0.00
client checkpoint saved in /research/byu2/rchen/proj/wwy/jp/model/client_0/model-3-600-0-before.ckpt
check points 0: searching /research/byu2/rchen/proj/wwy/jp/model/client_0
found /research/byu2/rchen/proj/wwy/jp/model/client_0/model-3-600-0-before.ckpt
model saved in /research/byu2/rchen/proj/wwy/jp/model/server/model-3-.ckpt
server round 4/50
clients selected: [0]
client 0
Restoring client from /research/byu2/rchen/proj/wwy/jp/model/client_0/model-3-600-0-before.ckpt
client 0, round 4, step 0, loss = 0.010610, learning_rate = 0.000100, training_accu = 1.000000, bias = 0.00
client 0, round 4, step 200, loss = 0.079422, learning_rate = 0.000100, training_accu = 0.984375, bias = 0.00
client 0, round 4, step 400, loss = 0.011963, learning_rate = 0.000100, training_accu = 1.000000, bias = 0.00
client checkpoint saved in /research/byu2/rchen/proj/wwy/jp/model/client_0/model-4-600-0-before.ckpt
check points 0: searching /research/byu2/rchen/proj/wwy/jp/model/client_0
found /research/byu2/rchen/proj/wwy/jp/model/client_0/model-4-600-0-before.ckpt
model saved in /research/byu2/rchen/proj/wwy/jp/model/server/model-4-.ckpt
server round 5/50
clients selected: [0]
client 0
Restoring client from /research/byu2/rchen/proj/wwy/jp/model/client_0/model-4-600-0-before.ckpt
client 0, round 5, step 0, loss = 0.007779, learning_rate = 0.000075, training_accu = 1.000000, bias = 0.00
client 0, round 5, step 200, loss = 0.007116, learning_rate = 0.000075, training_accu = 1.000000, bias = 0.00
client 0, round 5, step 400, loss = 0.003416, learning_rate = 0.000075, training_accu = 1.000000, bias = 0.00
client checkpoint saved in /research/byu2/rchen/proj/wwy/jp/model/client_0/model-5-600-0-before.ckpt
check points 0: searching /research/byu2/rchen/proj/wwy/jp/model/client_0
found /research/byu2/rchen/proj/wwy/jp/model/client_0/model-5-600-0-before.ckpt
model saved in /research/byu2/rchen/proj/wwy/jp/model/server/model-5-.ckpt
server round 6/50
clients selected: [0]
client 0
Restoring client from /research/byu2/rchen/proj/wwy/jp/model/client_0/model-5-600-0-before.ckpt
client 0, round 6, step 0, loss = 0.005679, learning_rate = 0.000075, training_accu = 1.000000, bias = 0.00
client 0, round 6, step 200, loss = 0.002242, learning_rate = 0.000075, training_accu = 1.000000, bias = 0.00
client 0, round 6, step 400, loss = 0.007218, learning_rate = 0.000075, training_accu = 1.000000, bias = 0.00
client checkpoint saved in /research/byu2/rchen/proj/wwy/jp/model/client_0/model-6-600-0-before.ckpt
check points 0: searching /research/byu2/rchen/proj/wwy/jp/model/client_0
found /research/byu2/rchen/proj/wwy/jp/model/client_0/model-6-600-0-before.ckpt
model saved in /research/byu2/rchen/proj/wwy/jp/model/server/model-6-.ckpt
server round 7/50
clients selected: [0]
client 0
Restoring client from /research/byu2/rchen/proj/wwy/jp/model/client_0/model-6-600-0-before.ckpt
client 0, round 7, step 0, loss = 0.012948, learning_rate = 0.000075, training_accu = 1.000000, bias = 0.00
client 0, round 7, step 200, loss = 0.007915, learning_rate = 0.000075, training_accu = 1.000000, bias = 0.00
client 0, round 7, step 400, loss = 0.001367, learning_rate = 0.000075, training_accu = 1.000000, bias = 0.00
client checkpoint saved in /research/byu2/rchen/proj/wwy/jp/model/client_0/model-7-600-0-before.ckpt
check points 0: searching /research/byu2/rchen/proj/wwy/jp/model/client_0
found /research/byu2/rchen/proj/wwy/jp/model/client_0/model-7-600-0-before.ckpt
model saved in /research/byu2/rchen/proj/wwy/jp/model/server/model-7-.ckpt
server round 8/50
clients selected: [0]
client 0
Restoring client from /research/byu2/rchen/proj/wwy/jp/model/client_0/model-7-600-0-before.ckpt
client 0, round 8, step 0, loss = 0.003181, learning_rate = 0.000075, training_accu = 1.000000, bias = 0.00
client 0, round 8, step 200, loss = 0.005585, learning_rate = 0.000075, training_accu = 1.000000, bias = 0.00
client 0, round 8, step 400, loss = 0.011281, learning_rate = 0.000075, training_accu = 1.000000, bias = 0.00
client checkpoint saved in /research/byu2/rchen/proj/wwy/jp/model/client_0/model-8-600-0-before.ckpt
check points 0: searching /research/byu2/rchen/proj/wwy/jp/model/client_0
found /research/byu2/rchen/proj/wwy/jp/model/client_0/model-8-600-0-before.ckpt
model saved in /research/byu2/rchen/proj/wwy/jp/model/server/model-8-.ckpt
server round 9/50
clients selected: [0]
client 0
Restoring client from /research/byu2/rchen/proj/wwy/jp/model/client_0/model-8-600-0-before.ckpt
client 0, round 9, step 0, loss = 0.006803, learning_rate = 0.000075, training_accu = 1.000000, bias = 0.00
client 0, round 9, step 200, loss = 0.001013, learning_rate = 0.000075, training_accu = 1.000000, bias = 0.00
client 0, round 9, step 400, loss = 0.003243, learning_rate = 0.000075, training_accu = 1.000000, bias = 0.00
client checkpoint saved in /research/byu2/rchen/proj/wwy/jp/model/client_0/model-9-600-0-before.ckpt
check points 0: searching /research/byu2/rchen/proj/wwy/jp/model/client_0
found /research/byu2/rchen/proj/wwy/jp/model/client_0/model-9-600-0-before.ckpt
model saved in /research/byu2/rchen/proj/wwy/jp/model/server/model-9-.ckpt
server round 10/50
clients selected: [0]
client 0
Restoring client from /research/byu2/rchen/proj/wwy/jp/model/client_0/model-9-600-0-before.ckpt
client 0, round 10, step 0, loss = 0.001796, learning_rate = 0.000056, training_accu = 1.000000, bias = 0.00
client 0, round 10, step 200, loss = 0.017239, learning_rate = 0.000056, training_accu = 0.984375, bias = 0.00
client 0, round 10, step 400, loss = 0.000584, learning_rate = 0.000056, training_accu = 1.000000, bias = 0.00
client checkpoint saved in /research/byu2/rchen/proj/wwy/jp/model/client_0/model-10-600-0-before.ckpt
check points 0: searching /research/byu2/rchen/proj/wwy/jp/model/client_0
found /research/byu2/rchen/proj/wwy/jp/model/client_0/model-10-600-0-before.ckpt
model saved in /research/byu2/rchen/proj/wwy/jp/model/server/model-10-.ckpt
server round 11/50
clients selected: [0]
client 0
Restoring client from /research/byu2/rchen/proj/wwy/jp/model/client_0/model-10-600-0-before.ckpt
client 0, round 11, step 0, loss = 0.001396, learning_rate = 0.000056, training_accu = 1.000000, bias = 0.00
client 0, round 11, step 200, loss = 0.002249, learning_rate = 0.000056, training_accu = 1.000000, bias = 0.00
client 0, round 11, step 400, loss = 0.002984, learning_rate = 0.000056, training_accu = 1.000000, bias = 0.00
client checkpoint saved in /research/byu2/rchen/proj/wwy/jp/model/client_0/model-11-600-0-before.ckpt
check points 0: searching /research/byu2/rchen/proj/wwy/jp/model/client_0
found /research/byu2/rchen/proj/wwy/jp/model/client_0/model-11-600-0-before.ckpt
model saved in /research/byu2/rchen/proj/wwy/jp/model/server/model-11-.ckpt
server round 12/50
clients selected: [0]
client 0
Restoring client from /research/byu2/rchen/proj/wwy/jp/model/client_0/model-11-600-0-before.ckpt
client 0, round 12, step 0, loss = 0.002978, learning_rate = 0.000056, training_accu = 1.000000, bias = 0.00
client 0, round 12, step 200, loss = 0.006376, learning_rate = 0.000056, training_accu = 1.000000, bias = 0.00
client 0, round 12, step 400, loss = 0.004914, learning_rate = 0.000056, training_accu = 1.000000, bias = 0.00
client checkpoint saved in /research/byu2/rchen/proj/wwy/jp/model/client_0/model-12-600-0-before.ckpt
check points 0: searching /research/byu2/rchen/proj/wwy/jp/model/client_0
found /research/byu2/rchen/proj/wwy/jp/model/client_0/model-12-600-0-before.ckpt
model saved in /research/byu2/rchen/proj/wwy/jp/model/server/model-12-.ckpt
server round 13/50
clients selected: [0]
client 0
Restoring client from /research/byu2/rchen/proj/wwy/jp/model/client_0/model-12-600-0-before.ckpt
client 0, round 13, step 0, loss = 0.001769, learning_rate = 0.000056, training_accu = 1.000000, bias = 0.00
client 0, round 13, step 200, loss = 0.027454, learning_rate = 0.000056, training_accu = 0.984375, bias = 0.00
client 0, round 13, step 400, loss = 0.000434, learning_rate = 0.000056, training_accu = 1.000000, bias = 0.00
client checkpoint saved in /research/byu2/rchen/proj/wwy/jp/model/client_0/model-13-600-0-before.ckpt
check points 0: searching /research/byu2/rchen/proj/wwy/jp/model/client_0
found /research/byu2/rchen/proj/wwy/jp/model/client_0/model-13-600-0-before.ckpt
model saved in /research/byu2/rchen/proj/wwy/jp/model/server/model-13-.ckpt
server round 14/50
clients selected: [0]
client 0
Restoring client from /research/byu2/rchen/proj/wwy/jp/model/client_0/model-13-600-0-before.ckpt
client 0, round 14, step 0, loss = 0.002903, learning_rate = 0.000056, training_accu = 1.000000, bias = 0.00
client 0, round 14, step 200, loss = 0.002112, learning_rate = 0.000056, training_accu = 1.000000, bias = 0.00
client 0, round 14, step 400, loss = 0.000866, learning_rate = 0.000056, training_accu = 1.000000, bias = 0.00
client checkpoint saved in /research/byu2/rchen/proj/wwy/jp/model/client_0/model-14-600-0-before.ckpt
check points 0: searching /research/byu2/rchen/proj/wwy/jp/model/client_0
found /research/byu2/rchen/proj/wwy/jp/model/client_0/model-14-600-0-before.ckpt
model saved in /research/byu2/rchen/proj/wwy/jp/model/server/model-14-.ckpt
server round 15/50
clients selected: [0]
client 0
Restoring client from /research/byu2/rchen/proj/wwy/jp/model/client_0/model-14-600-0-before.ckpt
client 0, round 15, step 0, loss = 0.000425, learning_rate = 0.000042, training_accu = 1.000000, bias = 0.00
client 0, round 15, step 200, loss = 0.001258, learning_rate = 0.000042, training_accu = 1.000000, bias = 0.00
client 0, round 15, step 400, loss = 0.000901, learning_rate = 0.000042, training_accu = 1.000000, bias = 0.00
client checkpoint saved in /research/byu2/rchen/proj/wwy/jp/model/client_0/model-15-600-0-before.ckpt
check points 0: searching /research/byu2/rchen/proj/wwy/jp/model/client_0
found /research/byu2/rchen/proj/wwy/jp/model/client_0/model-15-600-0-before.ckpt
model saved in /research/byu2/rchen/proj/wwy/jp/model/server/model-15-.ckpt
server round 16/50
clients selected: [0]
client 0
Restoring client from /research/byu2/rchen/proj/wwy/jp/model/client_0/model-15-600-0-before.ckpt
client 0, round 16, step 0, loss = 0.000453, learning_rate = 0.000042, training_accu = 1.000000, bias = 0.00
client 0, round 16, step 200, loss = 0.000683, learning_rate = 0.000042, training_accu = 1.000000, bias = 0.00
client 0, round 16, step 400, loss = 0.001709, learning_rate = 0.000042, training_accu = 1.000000, bias = 0.00
client checkpoint saved in /research/byu2/rchen/proj/wwy/jp/model/client_0/model-16-600-0-before.ckpt
check points 0: searching /research/byu2/rchen/proj/wwy/jp/model/client_0
found /research/byu2/rchen/proj/wwy/jp/model/client_0/model-16-600-0-before.ckpt
model saved in /research/byu2/rchen/proj/wwy/jp/model/server/model-16-.ckpt
server round 17/50
clients selected: [0]
client 0
Restoring client from /research/byu2/rchen/proj/wwy/jp/model/client_0/model-16-600-0-before.ckpt
client 0, round 17, step 0, loss = 0.005970, learning_rate = 0.000042, training_accu = 1.000000, bias = 0.00
client 0, round 17, step 200, loss = 0.000443, learning_rate = 0.000042, training_accu = 1.000000, bias = 0.00
client 0, round 17, step 400, loss = 0.006649, learning_rate = 0.000042, training_accu = 1.000000, bias = 0.00
client checkpoint saved in /research/byu2/rchen/proj/wwy/jp/model/client_0/model-17-600-0-before.ckpt
check points 0: searching /research/byu2/rchen/proj/wwy/jp/model/client_0
found /research/byu2/rchen/proj/wwy/jp/model/client_0/model-17-600-0-before.ckpt
model saved in /research/byu2/rchen/proj/wwy/jp/model/server/model-17-.ckpt
server round 18/50
clients selected: [0]
client 0
Restoring client from /research/byu2/rchen/proj/wwy/jp/model/client_0/model-17-600-0-before.ckpt
client 0, round 18, step 0, loss = 0.001275, learning_rate = 0.000042, training_accu = 1.000000, bias = 0.00
client 0, round 18, step 200, loss = 0.000738, learning_rate = 0.000042, training_accu = 1.000000, bias = 0.00
client 0, round 18, step 400, loss = 0.010382, learning_rate = 0.000042, training_accu = 1.000000, bias = 0.00
client checkpoint saved in /research/byu2/rchen/proj/wwy/jp/model/client_0/model-18-600-0-before.ckpt
check points 0: searching /research/byu2/rchen/proj/wwy/jp/model/client_0
found /research/byu2/rchen/proj/wwy/jp/model/client_0/model-18-600-0-before.ckpt
model saved in /research/byu2/rchen/proj/wwy/jp/model/server/model-18-.ckpt
server round 19/50
clients selected: [0]
client 0
Restoring client from /research/byu2/rchen/proj/wwy/jp/model/client_0/model-18-600-0-before.ckpt
client 0, round 19, step 0, loss = 0.010829, learning_rate = 0.000042, training_accu = 1.000000, bias = 0.00
client 0, round 19, step 200, loss = 0.000534, learning_rate = 0.000042, training_accu = 1.000000, bias = 0.00
client 0, round 19, step 400, loss = 0.000582, learning_rate = 0.000042, training_accu = 1.000000, bias = 0.00
client checkpoint saved in /research/byu2/rchen/proj/wwy/jp/model/client_0/model-19-600-0-before.ckpt
check points 0: searching /research/byu2/rchen/proj/wwy/jp/model/client_0
found /research/byu2/rchen/proj/wwy/jp/model/client_0/model-19-600-0-before.ckpt
model saved in /research/byu2/rchen/proj/wwy/jp/model/server/model-19-.ckpt
server round 20/50
clients selected: [0]
client 0
Restoring client from /research/byu2/rchen/proj/wwy/jp/model/client_0/model-19-600-0-before.ckpt
client 0, round 20, step 0, loss = 0.002264, learning_rate = 0.000032, training_accu = 1.000000, bias = 0.00
client 0, round 20, step 200, loss = 0.000209, learning_rate = 0.000032, training_accu = 1.000000, bias = 0.00
client 0, round 20, step 400, loss = 0.003669, learning_rate = 0.000032, training_accu = 1.000000, bias = 0.00
client checkpoint saved in /research/byu2/rchen/proj/wwy/jp/model/client_0/model-20-600-0-before.ckpt
check points 0: searching /research/byu2/rchen/proj/wwy/jp/model/client_0
found /research/byu2/rchen/proj/wwy/jp/model/client_0/model-20-600-0-before.ckpt
model saved in /research/byu2/rchen/proj/wwy/jp/model/server/model-20-.ckpt
server round 21/50
clients selected: [0]
client 0
Restoring client from /research/byu2/rchen/proj/wwy/jp/model/client_0/model-20-600-0-before.ckpt
client 0, round 21, step 0, loss = 0.001002, learning_rate = 0.000032, training_accu = 1.000000, bias = 0.00
client 0, round 21, step 200, loss = 0.000443, learning_rate = 0.000032, training_accu = 1.000000, bias = 0.00
client 0, round 21, step 400, loss = 0.000581, learning_rate = 0.000032, training_accu = 1.000000, bias = 0.00
client checkpoint saved in /research/byu2/rchen/proj/wwy/jp/model/client_0/model-21-600-0-before.ckpt
check points 0: searching /research/byu2/rchen/proj/wwy/jp/model/client_0
found /research/byu2/rchen/proj/wwy/jp/model/client_0/model-21-600-0-before.ckpt
model saved in /research/byu2/rchen/proj/wwy/jp/model/server/model-21-.ckpt
server round 22/50
clients selected: [0]
client 0
Restoring client from /research/byu2/rchen/proj/wwy/jp/model/client_0/model-21-600-0-before.ckpt
client 0, round 22, step 0, loss = 0.003607, learning_rate = 0.000032, training_accu = 1.000000, bias = 0.00
client 0, round 22, step 200, loss = 0.000676, learning_rate = 0.000032, training_accu = 1.000000, bias = 0.00
client 0, round 22, step 400, loss = 0.000397, learning_rate = 0.000032, training_accu = 1.000000, bias = 0.00
client checkpoint saved in /research/byu2/rchen/proj/wwy/jp/model/client_0/model-22-600-0-before.ckpt
check points 0: searching /research/byu2/rchen/proj/wwy/jp/model/client_0
found /research/byu2/rchen/proj/wwy/jp/model/client_0/model-22-600-0-before.ckpt
model saved in /research/byu2/rchen/proj/wwy/jp/model/server/model-22-.ckpt
server round 23/50
clients selected: [0]
client 0
Restoring client from /research/byu2/rchen/proj/wwy/jp/model/client_0/model-22-600-0-before.ckpt
client 0, round 23, step 0, loss = 0.002621, learning_rate = 0.000032, training_accu = 1.000000, bias = 0.00
client 0, round 23, step 200, loss = 0.000638, learning_rate = 0.000032, training_accu = 1.000000, bias = 0.00
client 0, round 23, step 400, loss = 0.001364, learning_rate = 0.000032, training_accu = 1.000000, bias = 0.00
client checkpoint saved in /research/byu2/rchen/proj/wwy/jp/model/client_0/model-23-600-0-before.ckpt
check points 0: searching /research/byu2/rchen/proj/wwy/jp/model/client_0
found /research/byu2/rchen/proj/wwy/jp/model/client_0/model-23-600-0-before.ckpt
model saved in /research/byu2/rchen/proj/wwy/jp/model/server/model-23-.ckpt
server round 24/50
clients selected: [0]
client 0
Restoring client from /research/byu2/rchen/proj/wwy/jp/model/client_0/model-23-600-0-before.ckpt
client 0, round 24, step 0, loss = 0.008090, learning_rate = 0.000032, training_accu = 1.000000, bias = 0.00
client 0, round 24, step 200, loss = 0.000461, learning_rate = 0.000032, training_accu = 1.000000, bias = 0.00
client 0, round 24, step 400, loss = 0.000550, learning_rate = 0.000032, training_accu = 1.000000, bias = 0.00
client checkpoint saved in /research/byu2/rchen/proj/wwy/jp/model/client_0/model-24-600-0-before.ckpt
check points 0: searching /research/byu2/rchen/proj/wwy/jp/model/client_0
found /research/byu2/rchen/proj/wwy/jp/model/client_0/model-24-600-0-before.ckpt
model saved in /research/byu2/rchen/proj/wwy/jp/model/server/model-24-.ckpt
server round 25/50
clients selected: [0]
client 0
Restoring client from /research/byu2/rchen/proj/wwy/jp/model/client_0/model-24-600-0-before.ckpt
client 0, round 25, step 0, loss = 0.000496, learning_rate = 0.000024, training_accu = 1.000000, bias = 0.00
client 0, round 25, step 200, loss = 0.000462, learning_rate = 0.000024, training_accu = 1.000000, bias = 0.00
client 0, round 25, step 400, loss = 0.000353, learning_rate = 0.000024, training_accu = 1.000000, bias = 0.00
client checkpoint saved in /research/byu2/rchen/proj/wwy/jp/model/client_0/model-25-600-0-before.ckpt
check points 0: searching /research/byu2/rchen/proj/wwy/jp/model/client_0
found /research/byu2/rchen/proj/wwy/jp/model/client_0/model-25-600-0-before.ckpt
model saved in /research/byu2/rchen/proj/wwy/jp/model/server/model-25-.ckpt
server round 26/50
clients selected: [0]
client 0
Restoring client from /research/byu2/rchen/proj/wwy/jp/model/client_0/model-25-600-0-before.ckpt
client 0, round 26, step 0, loss = 0.000613, learning_rate = 0.000024, training_accu = 1.000000, bias = 0.00
client 0, round 26, step 200, loss = 0.001057, learning_rate = 0.000024, training_accu = 1.000000, bias = 0.00
client 0, round 26, step 400, loss = 0.000159, learning_rate = 0.000024, training_accu = 1.000000, bias = 0.00
client checkpoint saved in /research/byu2/rchen/proj/wwy/jp/model/client_0/model-26-600-0-before.ckpt
check points 0: searching /research/byu2/rchen/proj/wwy/jp/model/client_0
found /research/byu2/rchen/proj/wwy/jp/model/client_0/model-26-600-0-before.ckpt
model saved in /research/byu2/rchen/proj/wwy/jp/model/server/model-26-.ckpt
server round 27/50
clients selected: [0]
client 0
Restoring client from /research/byu2/rchen/proj/wwy/jp/model/client_0/model-26-600-0-before.ckpt
client 0, round 27, step 0, loss = 0.001872, learning_rate = 0.000024, training_accu = 1.000000, bias = 0.00
client 0, round 27, step 200, loss = 0.001723, learning_rate = 0.000024, training_accu = 1.000000, bias = 0.00
client 0, round 27, step 400, loss = 0.000560, learning_rate = 0.000024, training_accu = 1.000000, bias = 0.00
client checkpoint saved in /research/byu2/rchen/proj/wwy/jp/model/client_0/model-27-600-0-before.ckpt
check points 0: searching /research/byu2/rchen/proj/wwy/jp/model/client_0
found /research/byu2/rchen/proj/wwy/jp/model/client_0/model-27-600-0-before.ckpt
model saved in /research/byu2/rchen/proj/wwy/jp/model/server/model-27-.ckpt
server round 28/50
clients selected: [0]
client 0
Restoring client from /research/byu2/rchen/proj/wwy/jp/model/client_0/model-27-600-0-before.ckpt
client 0, round 28, step 0, loss = 0.000414, learning_rate = 0.000024, training_accu = 1.000000, bias = 0.00
client 0, round 28, step 200, loss = 0.000452, learning_rate = 0.000024, training_accu = 1.000000, bias = 0.00
client 0, round 28, step 400, loss = 0.000228, learning_rate = 0.000024, training_accu = 1.000000, bias = 0.00
client checkpoint saved in /research/byu2/rchen/proj/wwy/jp/model/client_0/model-28-600-0-before.ckpt
check points 0: searching /research/byu2/rchen/proj/wwy/jp/model/client_0
found /research/byu2/rchen/proj/wwy/jp/model/client_0/model-28-600-0-before.ckpt
model saved in /research/byu2/rchen/proj/wwy/jp/model/server/model-28-.ckpt
server round 29/50
clients selected: [0]
client 0
Restoring client from /research/byu2/rchen/proj/wwy/jp/model/client_0/model-28-600-0-before.ckpt
client 0, round 29, step 0, loss = 0.003198, learning_rate = 0.000024, training_accu = 1.000000, bias = 0.00
client 0, round 29, step 200, loss = 0.000127, learning_rate = 0.000024, training_accu = 1.000000, bias = 0.00
client 0, round 29, step 400, loss = 0.000211, learning_rate = 0.000024, training_accu = 1.000000, bias = 0.00
client checkpoint saved in /research/byu2/rchen/proj/wwy/jp/model/client_0/model-29-600-0-before.ckpt
check points 0: searching /research/byu2/rchen/proj/wwy/jp/model/client_0
found /research/byu2/rchen/proj/wwy/jp/model/client_0/model-29-600-0-before.ckpt
model saved in /research/byu2/rchen/proj/wwy/jp/model/server/model-29-.ckpt
server round 30/50
clients selected: [0]
client 0
Restoring client from /research/byu2/rchen/proj/wwy/jp/model/client_0/model-29-600-0-before.ckpt
client 0, round 30, step 0, loss = 0.008401, learning_rate = 0.000018, training_accu = 1.000000, bias = 0.00
client 0, round 30, step 200, loss = 0.001160, learning_rate = 0.000018, training_accu = 1.000000, bias = 0.00
client 0, round 30, step 400, loss = 0.005441, learning_rate = 0.000018, training_accu = 1.000000, bias = 0.00
client checkpoint saved in /research/byu2/rchen/proj/wwy/jp/model/client_0/model-30-600-0-before.ckpt
check points 0: searching /research/byu2/rchen/proj/wwy/jp/model/client_0
found /research/byu2/rchen/proj/wwy/jp/model/client_0/model-30-600-0-before.ckpt
model saved in /research/byu2/rchen/proj/wwy/jp/model/server/model-30-.ckpt
server round 31/50
clients selected: [0]
client 0
Restoring client from /research/byu2/rchen/proj/wwy/jp/model/client_0/model-30-600-0-before.ckpt
client 0, round 31, step 0, loss = 0.071428, learning_rate = 0.000018, training_accu = 0.984375, bias = 0.00
client 0, round 31, step 200, loss = 0.000410, learning_rate = 0.000018, training_accu = 1.000000, bias = 0.00
client 0, round 31, step 400, loss = 0.001549, learning_rate = 0.000018, training_accu = 1.000000, bias = 0.00
client checkpoint saved in /research/byu2/rchen/proj/wwy/jp/model/client_0/model-31-600-0-before.ckpt
check points 0: searching /research/byu2/rchen/proj/wwy/jp/model/client_0
found /research/byu2/rchen/proj/wwy/jp/model/client_0/model-31-600-0-before.ckpt
model saved in /research/byu2/rchen/proj/wwy/jp/model/server/model-31-.ckpt
server round 32/50
clients selected: [0]
client 0
Restoring client from /research/byu2/rchen/proj/wwy/jp/model/client_0/model-31-600-0-before.ckpt
client 0, round 32, step 0, loss = 0.000165, learning_rate = 0.000018, training_accu = 1.000000, bias = 0.00
client 0, round 32, step 200, loss = 0.000200, learning_rate = 0.000018, training_accu = 1.000000, bias = 0.00
client 0, round 32, step 400, loss = 0.003459, learning_rate = 0.000018, training_accu = 1.000000, bias = 0.00
client checkpoint saved in /research/byu2/rchen/proj/wwy/jp/model/client_0/model-32-600-0-before.ckpt
check points 0: searching /research/byu2/rchen/proj/wwy/jp/model/client_0
found /research/byu2/rchen/proj/wwy/jp/model/client_0/model-32-600-0-before.ckpt
model saved in /research/byu2/rchen/proj/wwy/jp/model/server/model-32-.ckpt
server round 33/50
clients selected: [0]
client 0
Restoring client from /research/byu2/rchen/proj/wwy/jp/model/client_0/model-32-600-0-before.ckpt
client 0, round 33, step 0, loss = 0.000459, learning_rate = 0.000018, training_accu = 1.000000, bias = 0.00
client 0, round 33, step 200, loss = 0.000065, learning_rate = 0.000018, training_accu = 1.000000, bias = 0.00
client 0, round 33, step 400, loss = 0.000315, learning_rate = 0.000018, training_accu = 1.000000, bias = 0.00
client checkpoint saved in /research/byu2/rchen/proj/wwy/jp/model/client_0/model-33-600-0-before.ckpt
check points 0: searching /research/byu2/rchen/proj/wwy/jp/model/client_0
found /research/byu2/rchen/proj/wwy/jp/model/client_0/model-33-600-0-before.ckpt
model saved in /research/byu2/rchen/proj/wwy/jp/model/server/model-33-.ckpt
server round 34/50
clients selected: [0]
client 0
Restoring client from /research/byu2/rchen/proj/wwy/jp/model/client_0/model-33-600-0-before.ckpt
client 0, round 34, step 0, loss = 0.001432, learning_rate = 0.000018, training_accu = 1.000000, bias = 0.00
client 0, round 34, step 200, loss = 0.000289, learning_rate = 0.000018, training_accu = 1.000000, bias = 0.00
client 0, round 34, step 400, loss = 0.000859, learning_rate = 0.000018, training_accu = 1.000000, bias = 0.00
client checkpoint saved in /research/byu2/rchen/proj/wwy/jp/model/client_0/model-34-600-0-before.ckpt
check points 0: searching /research/byu2/rchen/proj/wwy/jp/model/client_0
found /research/byu2/rchen/proj/wwy/jp/model/client_0/model-34-600-0-before.ckpt
model saved in /research/byu2/rchen/proj/wwy/jp/model/server/model-34-.ckpt
server round 35/50
clients selected: [0]
client 0
Restoring client from /research/byu2/rchen/proj/wwy/jp/model/client_0/model-34-600-0-before.ckpt
client 0, round 35, step 0, loss = 0.000451, learning_rate = 0.000013, training_accu = 1.000000, bias = 0.00
client 0, round 35, step 200, loss = 0.001895, learning_rate = 0.000013, training_accu = 1.000000, bias = 0.00
client 0, round 35, step 400, loss = 0.000221, learning_rate = 0.000013, training_accu = 1.000000, bias = 0.00
client checkpoint saved in /research/byu2/rchen/proj/wwy/jp/model/client_0/model-35-600-0-before.ckpt
check points 0: searching /research/byu2/rchen/proj/wwy/jp/model/client_0
found /research/byu2/rchen/proj/wwy/jp/model/client_0/model-35-600-0-before.ckpt
model saved in /research/byu2/rchen/proj/wwy/jp/model/server/model-35-.ckpt
server round 36/50
clients selected: [0]
client 0
Restoring client from /research/byu2/rchen/proj/wwy/jp/model/client_0/model-35-600-0-before.ckpt
client 0, round 36, step 0, loss = 0.000292, learning_rate = 0.000013, training_accu = 1.000000, bias = 0.00
client 0, round 36, step 200, loss = 0.000222, learning_rate = 0.000013, training_accu = 1.000000, bias = 0.00
client 0, round 36, step 400, loss = 0.000542, learning_rate = 0.000013, training_accu = 1.000000, bias = 0.00
client checkpoint saved in /research/byu2/rchen/proj/wwy/jp/model/client_0/model-36-600-0-before.ckpt
check points 0: searching /research/byu2/rchen/proj/wwy/jp/model/client_0
found /research/byu2/rchen/proj/wwy/jp/model/client_0/model-36-600-0-before.ckpt
model saved in /research/byu2/rchen/proj/wwy/jp/model/server/model-36-.ckpt
server round 37/50
clients selected: [0]
client 0
Restoring client from /research/byu2/rchen/proj/wwy/jp/model/client_0/model-36-600-0-before.ckpt
client 0, round 37, step 0, loss = 0.000895, learning_rate = 0.000013, training_accu = 1.000000, bias = 0.00
client 0, round 37, step 200, loss = 0.000907, learning_rate = 0.000013, training_accu = 1.000000, bias = 0.00
client 0, round 37, step 400, loss = 0.000847, learning_rate = 0.000013, training_accu = 1.000000, bias = 0.00
client checkpoint saved in /research/byu2/rchen/proj/wwy/jp/model/client_0/model-37-600-0-before.ckpt
check points 0: searching /research/byu2/rchen/proj/wwy/jp/model/client_0
found /research/byu2/rchen/proj/wwy/jp/model/client_0/model-37-600-0-before.ckpt
model saved in /research/byu2/rchen/proj/wwy/jp/model/server/model-37-.ckpt
server round 38/50
clients selected: [0]
client 0
Restoring client from /research/byu2/rchen/proj/wwy/jp/model/client_0/model-37-600-0-before.ckpt
client 0, round 38, step 0, loss = 0.001499, learning_rate = 0.000013, training_accu = 1.000000, bias = 0.00
client 0, round 38, step 200, loss = 0.000709, learning_rate = 0.000013, training_accu = 1.000000, bias = 0.00
client 0, round 38, step 400, loss = 0.000291, learning_rate = 0.000013, training_accu = 1.000000, bias = 0.00
client checkpoint saved in /research/byu2/rchen/proj/wwy/jp/model/client_0/model-38-600-0-before.ckpt
check points 0: searching /research/byu2/rchen/proj/wwy/jp/model/client_0
found /research/byu2/rchen/proj/wwy/jp/model/client_0/model-38-600-0-before.ckpt
model saved in /research/byu2/rchen/proj/wwy/jp/model/server/model-38-.ckpt
server round 39/50
clients selected: [0]
client 0
Restoring client from /research/byu2/rchen/proj/wwy/jp/model/client_0/model-38-600-0-before.ckpt
client 0, round 39, step 0, loss = 0.000478, learning_rate = 0.000013, training_accu = 1.000000, bias = 0.00
client 0, round 39, step 200, loss = 0.000811, learning_rate = 0.000013, training_accu = 1.000000, bias = 0.00
client 0, round 39, step 400, loss = 0.000707, learning_rate = 0.000013, training_accu = 1.000000, bias = 0.00
client checkpoint saved in /research/byu2/rchen/proj/wwy/jp/model/client_0/model-39-600-0-before.ckpt
check points 0: searching /research/byu2/rchen/proj/wwy/jp/model/client_0
found /research/byu2/rchen/proj/wwy/jp/model/client_0/model-39-600-0-before.ckpt
model saved in /research/byu2/rchen/proj/wwy/jp/model/server/model-39-.ckpt
server round 40/50
clients selected: [0]
client 0
Restoring client from /research/byu2/rchen/proj/wwy/jp/model/client_0/model-39-600-0-before.ckpt
client 0, round 40, step 0, loss = 0.000285, learning_rate = 0.000010, training_accu = 1.000000, bias = 0.00
client 0, round 40, step 200, loss = 0.000310, learning_rate = 0.000010, training_accu = 1.000000, bias = 0.00
client 0, round 40, step 400, loss = 0.000312, learning_rate = 0.000010, training_accu = 1.000000, bias = 0.00
client checkpoint saved in /research/byu2/rchen/proj/wwy/jp/model/client_0/model-40-600-0-before.ckpt
check points 0: searching /research/byu2/rchen/proj/wwy/jp/model/client_0
found /research/byu2/rchen/proj/wwy/jp/model/client_0/model-40-600-0-before.ckpt
model saved in /research/byu2/rchen/proj/wwy/jp/model/server/model-40-.ckpt
server round 41/50
clients selected: [0]
client 0
Restoring client from /research/byu2/rchen/proj/wwy/jp/model/client_0/model-40-600-0-before.ckpt
client 0, round 41, step 0, loss = 0.004326, learning_rate = 0.000010, training_accu = 1.000000, bias = 0.00
client 0, round 41, step 200, loss = 0.000187, learning_rate = 0.000010, training_accu = 1.000000, bias = 0.00
client 0, round 41, step 400, loss = 0.000235, learning_rate = 0.000010, training_accu = 1.000000, bias = 0.00
client checkpoint saved in /research/byu2/rchen/proj/wwy/jp/model/client_0/model-41-600-0-before.ckpt
check points 0: searching /research/byu2/rchen/proj/wwy/jp/model/client_0
found /research/byu2/rchen/proj/wwy/jp/model/client_0/model-41-600-0-before.ckpt
model saved in /research/byu2/rchen/proj/wwy/jp/model/server/model-41-.ckpt
server round 42/50
clients selected: [0]
client 0
Restoring client from /research/byu2/rchen/proj/wwy/jp/model/client_0/model-41-600-0-before.ckpt
client 0, round 42, step 0, loss = 0.000418, learning_rate = 0.000010, training_accu = 1.000000, bias = 0.00
client 0, round 42, step 200, loss = 0.001374, learning_rate = 0.000010, training_accu = 1.000000, bias = 0.00
client 0, round 42, step 400, loss = 0.000394, learning_rate = 0.000010, training_accu = 1.000000, bias = 0.00
client checkpoint saved in /research/byu2/rchen/proj/wwy/jp/model/client_0/model-42-600-0-before.ckpt
check points 0: searching /research/byu2/rchen/proj/wwy/jp/model/client_0
found /research/byu2/rchen/proj/wwy/jp/model/client_0/model-42-600-0-before.ckpt
model saved in /research/byu2/rchen/proj/wwy/jp/model/server/model-42-.ckpt
server round 43/50
clients selected: [0]
client 0
Restoring client from /research/byu2/rchen/proj/wwy/jp/model/client_0/model-42-600-0-before.ckpt
client 0, round 43, step 0, loss = 0.000762, learning_rate = 0.000010, training_accu = 1.000000, bias = 0.00
client 0, round 43, step 200, loss = 0.000575, learning_rate = 0.000010, training_accu = 1.000000, bias = 0.00
client 0, round 43, step 400, loss = 0.000739, learning_rate = 0.000010, training_accu = 1.000000, bias = 0.00
client checkpoint saved in /research/byu2/rchen/proj/wwy/jp/model/client_0/model-43-600-0-before.ckpt
check points 0: searching /research/byu2/rchen/proj/wwy/jp/model/client_0
found /research/byu2/rchen/proj/wwy/jp/model/client_0/model-43-600-0-before.ckpt
model saved in /research/byu2/rchen/proj/wwy/jp/model/server/model-43-.ckpt
server round 44/50
clients selected: [0]
client 0
Restoring client from /research/byu2/rchen/proj/wwy/jp/model/client_0/model-43-600-0-before.ckpt
client 0, round 44, step 0, loss = 0.000125, learning_rate = 0.000010, training_accu = 1.000000, bias = 0.00
client 0, round 44, step 200, loss = 0.001834, learning_rate = 0.000010, training_accu = 1.000000, bias = 0.00
client 0, round 44, step 400, loss = 0.002031, learning_rate = 0.000010, training_accu = 1.000000, bias = 0.00
client checkpoint saved in /research/byu2/rchen/proj/wwy/jp/model/client_0/model-44-600-0-before.ckpt
check points 0: searching /research/byu2/rchen/proj/wwy/jp/model/client_0
found /research/byu2/rchen/proj/wwy/jp/model/client_0/model-44-600-0-before.ckpt
model saved in /research/byu2/rchen/proj/wwy/jp/model/server/model-44-.ckpt
server round 45/50
clients selected: [0]
client 0
Restoring client from /research/byu2/rchen/proj/wwy/jp/model/client_0/model-44-600-0-before.ckpt
client 0, round 45, step 0, loss = 0.000076, learning_rate = 0.000008, training_accu = 1.000000, bias = 0.00
client 0, round 45, step 200, loss = 0.067272, learning_rate = 0.000008, training_accu = 0.984375, bias = 0.00
client 0, round 45, step 400, loss = 0.008656, learning_rate = 0.000008, training_accu = 1.000000, bias = 0.00
client checkpoint saved in /research/byu2/rchen/proj/wwy/jp/model/client_0/model-45-600-0-before.ckpt
check points 0: searching /research/byu2/rchen/proj/wwy/jp/model/client_0
found /research/byu2/rchen/proj/wwy/jp/model/client_0/model-45-600-0-before.ckpt
model saved in /research/byu2/rchen/proj/wwy/jp/model/server/model-45-.ckpt
server round 46/50
clients selected: [0]
client 0
Restoring client from /research/byu2/rchen/proj/wwy/jp/model/client_0/model-45-600-0-before.ckpt
client 0, round 46, step 0, loss = 0.000545, learning_rate = 0.000008, training_accu = 1.000000, bias = 0.00
client 0, round 46, step 200, loss = 0.001074, learning_rate = 0.000008, training_accu = 1.000000, bias = 0.00
client 0, round 46, step 400, loss = 0.000060, learning_rate = 0.000008, training_accu = 1.000000, bias = 0.00
client checkpoint saved in /research/byu2/rchen/proj/wwy/jp/model/client_0/model-46-600-0-before.ckpt
check points 0: searching /research/byu2/rchen/proj/wwy/jp/model/client_0
found /research/byu2/rchen/proj/wwy/jp/model/client_0/model-46-600-0-before.ckpt
model saved in /research/byu2/rchen/proj/wwy/jp/model/server/model-46-.ckpt
server round 47/50
clients selected: [0]
client 0
Restoring client from /research/byu2/rchen/proj/wwy/jp/model/client_0/model-46-600-0-before.ckpt
client 0, round 47, step 0, loss = 0.000312, learning_rate = 0.000008, training_accu = 1.000000, bias = 0.00
client 0, round 47, step 200, loss = 0.000180, learning_rate = 0.000008, training_accu = 1.000000, bias = 0.00
client 0, round 47, step 400, loss = 0.000215, learning_rate = 0.000008, training_accu = 1.000000, bias = 0.00
client checkpoint saved in /research/byu2/rchen/proj/wwy/jp/model/client_0/model-47-600-0-before.ckpt
check points 0: searching /research/byu2/rchen/proj/wwy/jp/model/client_0
found /research/byu2/rchen/proj/wwy/jp/model/client_0/model-47-600-0-before.ckpt
model saved in /research/byu2/rchen/proj/wwy/jp/model/server/model-47-.ckpt
server round 48/50
clients selected: [0]
client 0
Restoring client from /research/byu2/rchen/proj/wwy/jp/model/client_0/model-47-600-0-before.ckpt
client 0, round 48, step 0, loss = 0.000449, learning_rate = 0.000008, training_accu = 1.000000, bias = 0.00
client 0, round 48, step 200, loss = 0.001087, learning_rate = 0.000008, training_accu = 1.000000, bias = 0.00
client 0, round 48, step 400, loss = 0.001779, learning_rate = 0.000008, training_accu = 1.000000, bias = 0.00
client checkpoint saved in /research/byu2/rchen/proj/wwy/jp/model/client_0/model-48-600-0-before.ckpt
check points 0: searching /research/byu2/rchen/proj/wwy/jp/model/client_0
found /research/byu2/rchen/proj/wwy/jp/model/client_0/model-48-600-0-before.ckpt
model saved in /research/byu2/rchen/proj/wwy/jp/model/server/model-48-.ckpt
server round 49/50
clients selected: [0]
client 0
Restoring client from /research/byu2/rchen/proj/wwy/jp/model/client_0/model-48-600-0-before.ckpt
client 0, round 49, step 0, loss = 0.000412, learning_rate = 0.000008, training_accu = 1.000000, bias = 0.00
client 0, round 49, step 200, loss = 0.037916, learning_rate = 0.000008, training_accu = 0.984375, bias = 0.00
client 0, round 49, step 400, loss = 0.000837, learning_rate = 0.000008, training_accu = 1.000000, bias = 0.00
client checkpoint saved in /research/byu2/rchen/proj/wwy/jp/model/client_0/model-49-600-0-before.ckpt
check points 0: searching /research/byu2/rchen/proj/wwy/jp/model/client_0
found /research/byu2/rchen/proj/wwy/jp/model/client_0/model-49-600-0-before.ckpt
model saved in /research/byu2/rchen/proj/wwy/jp/model/server/model-49-.ckpt
