client model path: ['/research/byu2/rchen/proj/wwy/jp/model/client_0']
loading data into the main memory...
initialize clients
server round 0/50
clients selected: [0]
client 0
Restoring client from /research/byu2/rchen/proj/wwy/jp/model/client_0/model-init.ckpt
client 0, round 0, step 0, loss = 0.784494, learning_rate = 0.000100, training_accu = 0.500000, bias = 0.00
client 0, round 0, step 200, loss = 0.469947, learning_rate = 0.000100, training_accu = 0.828125, bias = 0.00
client 0, round 0, step 400, loss = 0.410273, learning_rate = 0.000100, training_accu = 0.843750, bias = 0.00
client checkpoint saved in /research/byu2/rchen/proj/wwy/jp/model/client_0/model-0-600-0-before.ckpt
check points 0: searching /research/byu2/rchen/proj/wwy/jp/model/client_0
found /research/byu2/rchen/proj/wwy/jp/model/client_0/model-0-600-0-before.ckpt
model saved in /research/byu2/rchen/proj/wwy/jp/model/server/model-0-.ckpt
server round 1/50
clients selected: [0]
client 0
Restoring client from /research/byu2/rchen/proj/wwy/jp/model/client_0/model-0-600-0-before.ckpt
client 0, round 1, step 0, loss = 0.470411, learning_rate = 0.000100, training_accu = 0.734375, bias = 0.00
client 0, round 1, step 200, loss = 0.330639, learning_rate = 0.000100, training_accu = 0.859375, bias = 0.00
client 0, round 1, step 400, loss = 0.378393, learning_rate = 0.000100, training_accu = 0.859375, bias = 0.00
client checkpoint saved in /research/byu2/rchen/proj/wwy/jp/model/client_0/model-1-600-0-before.ckpt
check points 0: searching /research/byu2/rchen/proj/wwy/jp/model/client_0
found /research/byu2/rchen/proj/wwy/jp/model/client_0/model-1-600-0-before.ckpt
model saved in /research/byu2/rchen/proj/wwy/jp/model/server/model-1-.ckpt
server round 2/50
clients selected: [0]
client 0
Restoring client from /research/byu2/rchen/proj/wwy/jp/model/client_0/model-1-600-0-before.ckpt
client 0, round 2, step 0, loss = 0.215762, learning_rate = 0.000100, training_accu = 0.937500, bias = 0.00
client 0, round 2, step 200, loss = 0.253069, learning_rate = 0.000100, training_accu = 0.890625, bias = 0.00
client 0, round 2, step 400, loss = 0.270926, learning_rate = 0.000100, training_accu = 0.890625, bias = 0.00
client checkpoint saved in /research/byu2/rchen/proj/wwy/jp/model/client_0/model-2-600-0-before.ckpt
check points 0: searching /research/byu2/rchen/proj/wwy/jp/model/client_0
found /research/byu2/rchen/proj/wwy/jp/model/client_0/model-2-600-0-before.ckpt
model saved in /research/byu2/rchen/proj/wwy/jp/model/server/model-2-.ckpt
server round 3/50
clients selected: [0]
client 0
Restoring client from /research/byu2/rchen/proj/wwy/jp/model/client_0/model-2-600-0-before.ckpt
client 0, round 3, step 0, loss = 0.202104, learning_rate = 0.000100, training_accu = 0.921875, bias = 0.00
client 0, round 3, step 200, loss = 0.194746, learning_rate = 0.000100, training_accu = 0.921875, bias = 0.00
client 0, round 3, step 400, loss = 0.124793, learning_rate = 0.000100, training_accu = 0.984375, bias = 0.00
client checkpoint saved in /research/byu2/rchen/proj/wwy/jp/model/client_0/model-3-600-0-before.ckpt
check points 0: searching /research/byu2/rchen/proj/wwy/jp/model/client_0
found /research/byu2/rchen/proj/wwy/jp/model/client_0/model-3-600-0-before.ckpt
model saved in /research/byu2/rchen/proj/wwy/jp/model/server/model-3-.ckpt
server round 4/50
clients selected: [0]
client 0
Restoring client from /research/byu2/rchen/proj/wwy/jp/model/client_0/model-3-600-0-before.ckpt
client 0, round 4, step 0, loss = 0.220762, learning_rate = 0.000100, training_accu = 0.953125, bias = 0.00
client 0, round 4, step 200, loss = 0.231415, learning_rate = 0.000100, training_accu = 0.906250, bias = 0.00
client 0, round 4, step 400, loss = 0.118621, learning_rate = 0.000100, training_accu = 0.968750, bias = 0.00
client checkpoint saved in /research/byu2/rchen/proj/wwy/jp/model/client_0/model-4-600-0-before.ckpt
check points 0: searching /research/byu2/rchen/proj/wwy/jp/model/client_0
found /research/byu2/rchen/proj/wwy/jp/model/client_0/model-4-600-0-before.ckpt
model saved in /research/byu2/rchen/proj/wwy/jp/model/server/model-4-.ckpt
server round 5/50
clients selected: [0]
client 0
Restoring client from /research/byu2/rchen/proj/wwy/jp/model/client_0/model-4-600-0-before.ckpt
client 0, round 5, step 0, loss = 0.176182, learning_rate = 0.000075, training_accu = 0.921875, bias = 0.00
client 0, round 5, step 200, loss = 0.105979, learning_rate = 0.000075, training_accu = 0.953125, bias = 0.00
client 0, round 5, step 400, loss = 0.202773, learning_rate = 0.000075, training_accu = 0.937500, bias = 0.00
client checkpoint saved in /research/byu2/rchen/proj/wwy/jp/model/client_0/model-5-600-0-before.ckpt
check points 0: searching /research/byu2/rchen/proj/wwy/jp/model/client_0
found /research/byu2/rchen/proj/wwy/jp/model/client_0/model-5-600-0-before.ckpt
model saved in /research/byu2/rchen/proj/wwy/jp/model/server/model-5-.ckpt
server round 6/50
clients selected: [0]
client 0
Restoring client from /research/byu2/rchen/proj/wwy/jp/model/client_0/model-5-600-0-before.ckpt
client 0, round 6, step 0, loss = 0.186359, learning_rate = 0.000075, training_accu = 0.937500, bias = 0.00
client 0, round 6, step 200, loss = 0.162727, learning_rate = 0.000075, training_accu = 0.937500, bias = 0.00
client 0, round 6, step 400, loss = 0.068764, learning_rate = 0.000075, training_accu = 0.984375, bias = 0.00
client checkpoint saved in /research/byu2/rchen/proj/wwy/jp/model/client_0/model-6-600-0-before.ckpt
check points 0: searching /research/byu2/rchen/proj/wwy/jp/model/client_0
found /research/byu2/rchen/proj/wwy/jp/model/client_0/model-6-600-0-before.ckpt
model saved in /research/byu2/rchen/proj/wwy/jp/model/server/model-6-.ckpt
server round 7/50
clients selected: [0]
client 0
Restoring client from /research/byu2/rchen/proj/wwy/jp/model/client_0/model-6-600-0-before.ckpt
client 0, round 7, step 0, loss = 0.203266, learning_rate = 0.000075, training_accu = 0.921875, bias = 0.00
client 0, round 7, step 200, loss = 0.219114, learning_rate = 0.000075, training_accu = 0.906250, bias = 0.00
client 0, round 7, step 400, loss = 0.085112, learning_rate = 0.000075, training_accu = 0.968750, bias = 0.00
client checkpoint saved in /research/byu2/rchen/proj/wwy/jp/model/client_0/model-7-600-0-before.ckpt
check points 0: searching /research/byu2/rchen/proj/wwy/jp/model/client_0
found /research/byu2/rchen/proj/wwy/jp/model/client_0/model-7-600-0-before.ckpt
model saved in /research/byu2/rchen/proj/wwy/jp/model/server/model-7-.ckpt
server round 8/50
clients selected: [0]
client 0
Restoring client from /research/byu2/rchen/proj/wwy/jp/model/client_0/model-7-600-0-before.ckpt
client 0, round 8, step 0, loss = 0.083627, learning_rate = 0.000075, training_accu = 0.968750, bias = 0.00
client 0, round 8, step 200, loss = 0.136420, learning_rate = 0.000075, training_accu = 0.953125, bias = 0.00
client 0, round 8, step 400, loss = 0.085935, learning_rate = 0.000075, training_accu = 0.968750, bias = 0.00
client checkpoint saved in /research/byu2/rchen/proj/wwy/jp/model/client_0/model-8-600-0-before.ckpt
check points 0: searching /research/byu2/rchen/proj/wwy/jp/model/client_0
found /research/byu2/rchen/proj/wwy/jp/model/client_0/model-8-600-0-before.ckpt
model saved in /research/byu2/rchen/proj/wwy/jp/model/server/model-8-.ckpt
server round 9/50
clients selected: [0]
client 0
Restoring client from /research/byu2/rchen/proj/wwy/jp/model/client_0/model-8-600-0-before.ckpt
client 0, round 9, step 0, loss = 0.185134, learning_rate = 0.000075, training_accu = 0.921875, bias = 0.00
client 0, round 9, step 200, loss = 0.159863, learning_rate = 0.000075, training_accu = 0.937500, bias = 0.00
client 0, round 9, step 400, loss = 0.094548, learning_rate = 0.000075, training_accu = 0.984375, bias = 0.00
client checkpoint saved in /research/byu2/rchen/proj/wwy/jp/model/client_0/model-9-600-0-before.ckpt
check points 0: searching /research/byu2/rchen/proj/wwy/jp/model/client_0
found /research/byu2/rchen/proj/wwy/jp/model/client_0/model-9-600-0-before.ckpt
model saved in /research/byu2/rchen/proj/wwy/jp/model/server/model-9-.ckpt
server round 10/50
clients selected: [0]
client 0
Restoring client from /research/byu2/rchen/proj/wwy/jp/model/client_0/model-9-600-0-before.ckpt
client 0, round 10, step 0, loss = 0.048798, learning_rate = 0.000056, training_accu = 0.984375, bias = 0.00
client 0, round 10, step 200, loss = 0.169649, learning_rate = 0.000056, training_accu = 0.921875, bias = 0.00
client 0, round 10, step 400, loss = 0.069079, learning_rate = 0.000056, training_accu = 0.953125, bias = 0.00
client checkpoint saved in /research/byu2/rchen/proj/wwy/jp/model/client_0/model-10-600-0-before.ckpt
check points 0: searching /research/byu2/rchen/proj/wwy/jp/model/client_0
found /research/byu2/rchen/proj/wwy/jp/model/client_0/model-10-600-0-before.ckpt
model saved in /research/byu2/rchen/proj/wwy/jp/model/server/model-10-.ckpt
server round 11/50
clients selected: [0]
client 0
Restoring client from /research/byu2/rchen/proj/wwy/jp/model/client_0/model-10-600-0-before.ckpt
client 0, round 11, step 0, loss = 0.064804, learning_rate = 0.000056, training_accu = 0.984375, bias = 0.00
client 0, round 11, step 200, loss = 0.147524, learning_rate = 0.000056, training_accu = 0.953125, bias = 0.00
client 0, round 11, step 400, loss = 0.040786, learning_rate = 0.000056, training_accu = 1.000000, bias = 0.00
client checkpoint saved in /research/byu2/rchen/proj/wwy/jp/model/client_0/model-11-600-0-before.ckpt
check points 0: searching /research/byu2/rchen/proj/wwy/jp/model/client_0
found /research/byu2/rchen/proj/wwy/jp/model/client_0/model-11-600-0-before.ckpt
model saved in /research/byu2/rchen/proj/wwy/jp/model/server/model-11-.ckpt
server round 12/50
clients selected: [0]
client 0
Restoring client from /research/byu2/rchen/proj/wwy/jp/model/client_0/model-11-600-0-before.ckpt
client 0, round 12, step 0, loss = 0.068545, learning_rate = 0.000056, training_accu = 0.968750, bias = 0.00
client 0, round 12, step 200, loss = 0.068160, learning_rate = 0.000056, training_accu = 0.984375, bias = 0.00
client 0, round 12, step 400, loss = 0.052795, learning_rate = 0.000056, training_accu = 0.984375, bias = 0.00
client checkpoint saved in /research/byu2/rchen/proj/wwy/jp/model/client_0/model-12-600-0-before.ckpt
check points 0: searching /research/byu2/rchen/proj/wwy/jp/model/client_0
found /research/byu2/rchen/proj/wwy/jp/model/client_0/model-12-600-0-before.ckpt
model saved in /research/byu2/rchen/proj/wwy/jp/model/server/model-12-.ckpt
server round 13/50
clients selected: [0]
client 0
Restoring client from /research/byu2/rchen/proj/wwy/jp/model/client_0/model-12-600-0-before.ckpt
client 0, round 13, step 0, loss = 0.138635, learning_rate = 0.000056, training_accu = 0.968750, bias = 0.00
client 0, round 13, step 200, loss = 0.120377, learning_rate = 0.000056, training_accu = 0.953125, bias = 0.00
client 0, round 13, step 400, loss = 0.069249, learning_rate = 0.000056, training_accu = 0.984375, bias = 0.00
client checkpoint saved in /research/byu2/rchen/proj/wwy/jp/model/client_0/model-13-600-0-before.ckpt
check points 0: searching /research/byu2/rchen/proj/wwy/jp/model/client_0
found /research/byu2/rchen/proj/wwy/jp/model/client_0/model-13-600-0-before.ckpt
model saved in /research/byu2/rchen/proj/wwy/jp/model/server/model-13-.ckpt
server round 14/50
clients selected: [0]
client 0
Restoring client from /research/byu2/rchen/proj/wwy/jp/model/client_0/model-13-600-0-before.ckpt
client 0, round 14, step 0, loss = 0.094580, learning_rate = 0.000056, training_accu = 0.984375, bias = 0.00
client 0, round 14, step 200, loss = 0.064431, learning_rate = 0.000056, training_accu = 0.953125, bias = 0.00
client 0, round 14, step 400, loss = 0.066343, learning_rate = 0.000056, training_accu = 1.000000, bias = 0.00
client checkpoint saved in /research/byu2/rchen/proj/wwy/jp/model/client_0/model-14-600-0-before.ckpt
check points 0: searching /research/byu2/rchen/proj/wwy/jp/model/client_0
found /research/byu2/rchen/proj/wwy/jp/model/client_0/model-14-600-0-before.ckpt
model saved in /research/byu2/rchen/proj/wwy/jp/model/server/model-14-.ckpt
server round 15/50
clients selected: [0]
client 0
Restoring client from /research/byu2/rchen/proj/wwy/jp/model/client_0/model-14-600-0-before.ckpt
client 0, round 15, step 0, loss = 0.073249, learning_rate = 0.000042, training_accu = 0.984375, bias = 0.00
client 0, round 15, step 200, loss = 0.029087, learning_rate = 0.000042, training_accu = 1.000000, bias = 0.00
client 0, round 15, step 400, loss = 0.159106, learning_rate = 0.000042, training_accu = 0.937500, bias = 0.00
client checkpoint saved in /research/byu2/rchen/proj/wwy/jp/model/client_0/model-15-600-0-before.ckpt
check points 0: searching /research/byu2/rchen/proj/wwy/jp/model/client_0
found /research/byu2/rchen/proj/wwy/jp/model/client_0/model-15-600-0-before.ckpt
model saved in /research/byu2/rchen/proj/wwy/jp/model/server/model-15-.ckpt
server round 16/50
clients selected: [0]
client 0
Restoring client from /research/byu2/rchen/proj/wwy/jp/model/client_0/model-15-600-0-before.ckpt
client 0, round 16, step 0, loss = 0.076042, learning_rate = 0.000042, training_accu = 0.984375, bias = 0.00
client 0, round 16, step 200, loss = 0.065108, learning_rate = 0.000042, training_accu = 0.968750, bias = 0.00
client 0, round 16, step 400, loss = 0.090891, learning_rate = 0.000042, training_accu = 0.953125, bias = 0.00
client checkpoint saved in /research/byu2/rchen/proj/wwy/jp/model/client_0/model-16-600-0-before.ckpt
check points 0: searching /research/byu2/rchen/proj/wwy/jp/model/client_0
found /research/byu2/rchen/proj/wwy/jp/model/client_0/model-16-600-0-before.ckpt
model saved in /research/byu2/rchen/proj/wwy/jp/model/server/model-16-.ckpt
server round 17/50
clients selected: [0]
client 0
Restoring client from /research/byu2/rchen/proj/wwy/jp/model/client_0/model-16-600-0-before.ckpt
client 0, round 17, step 0, loss = 0.107808, learning_rate = 0.000042, training_accu = 0.937500, bias = 0.00
client 0, round 17, step 200, loss = 0.103216, learning_rate = 0.000042, training_accu = 0.953125, bias = 0.00
client 0, round 17, step 400, loss = 0.046964, learning_rate = 0.000042, training_accu = 0.984375, bias = 0.00
client checkpoint saved in /research/byu2/rchen/proj/wwy/jp/model/client_0/model-17-600-0-before.ckpt
check points 0: searching /research/byu2/rchen/proj/wwy/jp/model/client_0
found /research/byu2/rchen/proj/wwy/jp/model/client_0/model-17-600-0-before.ckpt
model saved in /research/byu2/rchen/proj/wwy/jp/model/server/model-17-.ckpt
server round 18/50
clients selected: [0]
client 0
Restoring client from /research/byu2/rchen/proj/wwy/jp/model/client_0/model-17-600-0-before.ckpt
client 0, round 18, step 0, loss = 0.117477, learning_rate = 0.000042, training_accu = 0.953125, bias = 0.00
client 0, round 18, step 200, loss = 0.130385, learning_rate = 0.000042, training_accu = 0.921875, bias = 0.00
client 0, round 18, step 400, loss = 0.076574, learning_rate = 0.000042, training_accu = 0.984375, bias = 0.00
client checkpoint saved in /research/byu2/rchen/proj/wwy/jp/model/client_0/model-18-600-0-before.ckpt
check points 0: searching /research/byu2/rchen/proj/wwy/jp/model/client_0
found /research/byu2/rchen/proj/wwy/jp/model/client_0/model-18-600-0-before.ckpt
model saved in /research/byu2/rchen/proj/wwy/jp/model/server/model-18-.ckpt
server round 19/50
clients selected: [0]
client 0
Restoring client from /research/byu2/rchen/proj/wwy/jp/model/client_0/model-18-600-0-before.ckpt
client 0, round 19, step 0, loss = 0.090351, learning_rate = 0.000042, training_accu = 0.968750, bias = 0.00
client 0, round 19, step 200, loss = 0.080302, learning_rate = 0.000042, training_accu = 0.953125, bias = 0.00
client 0, round 19, step 400, loss = 0.111567, learning_rate = 0.000042, training_accu = 0.984375, bias = 0.00
client checkpoint saved in /research/byu2/rchen/proj/wwy/jp/model/client_0/model-19-600-0-before.ckpt
check points 0: searching /research/byu2/rchen/proj/wwy/jp/model/client_0
found /research/byu2/rchen/proj/wwy/jp/model/client_0/model-19-600-0-before.ckpt
model saved in /research/byu2/rchen/proj/wwy/jp/model/server/model-19-.ckpt
server round 20/50
clients selected: [0]
client 0
Restoring client from /research/byu2/rchen/proj/wwy/jp/model/client_0/model-19-600-0-before.ckpt
client 0, round 20, step 0, loss = 0.035016, learning_rate = 0.000032, training_accu = 0.984375, bias = 0.00
client 0, round 20, step 200, loss = 0.093536, learning_rate = 0.000032, training_accu = 0.984375, bias = 0.00
client 0, round 20, step 400, loss = 0.053120, learning_rate = 0.000032, training_accu = 0.984375, bias = 0.00
client checkpoint saved in /research/byu2/rchen/proj/wwy/jp/model/client_0/model-20-600-0-before.ckpt
check points 0: searching /research/byu2/rchen/proj/wwy/jp/model/client_0
found /research/byu2/rchen/proj/wwy/jp/model/client_0/model-20-600-0-before.ckpt
model saved in /research/byu2/rchen/proj/wwy/jp/model/server/model-20-.ckpt
server round 21/50
clients selected: [0]
client 0
Restoring client from /research/byu2/rchen/proj/wwy/jp/model/client_0/model-20-600-0-before.ckpt
client 0, round 21, step 0, loss = 0.099272, learning_rate = 0.000032, training_accu = 0.953125, bias = 0.00
client 0, round 21, step 200, loss = 0.020290, learning_rate = 0.000032, training_accu = 1.000000, bias = 0.00
client 0, round 21, step 400, loss = 0.050284, learning_rate = 0.000032, training_accu = 0.984375, bias = 0.00
client checkpoint saved in /research/byu2/rchen/proj/wwy/jp/model/client_0/model-21-600-0-before.ckpt
check points 0: searching /research/byu2/rchen/proj/wwy/jp/model/client_0
found /research/byu2/rchen/proj/wwy/jp/model/client_0/model-21-600-0-before.ckpt
model saved in /research/byu2/rchen/proj/wwy/jp/model/server/model-21-.ckpt
server round 22/50
clients selected: [0]
client 0
Restoring client from /research/byu2/rchen/proj/wwy/jp/model/client_0/model-21-600-0-before.ckpt
client 0, round 22, step 0, loss = 0.036972, learning_rate = 0.000032, training_accu = 1.000000, bias = 0.00
client 0, round 22, step 200, loss = 0.075029, learning_rate = 0.000032, training_accu = 0.968750, bias = 0.00
client 0, round 22, step 400, loss = 0.105270, learning_rate = 0.000032, training_accu = 0.937500, bias = 0.00
client checkpoint saved in /research/byu2/rchen/proj/wwy/jp/model/client_0/model-22-600-0-before.ckpt
check points 0: searching /research/byu2/rchen/proj/wwy/jp/model/client_0
found /research/byu2/rchen/proj/wwy/jp/model/client_0/model-22-600-0-before.ckpt
model saved in /research/byu2/rchen/proj/wwy/jp/model/server/model-22-.ckpt
server round 23/50
clients selected: [0]
client 0
Restoring client from /research/byu2/rchen/proj/wwy/jp/model/client_0/model-22-600-0-before.ckpt
client 0, round 23, step 0, loss = 0.091232, learning_rate = 0.000032, training_accu = 0.953125, bias = 0.00
client 0, round 23, step 200, loss = 0.071854, learning_rate = 0.000032, training_accu = 0.968750, bias = 0.00
client 0, round 23, step 400, loss = 0.097726, learning_rate = 0.000032, training_accu = 0.968750, bias = 0.00
client checkpoint saved in /research/byu2/rchen/proj/wwy/jp/model/client_0/model-23-600-0-before.ckpt
check points 0: searching /research/byu2/rchen/proj/wwy/jp/model/client_0
found /research/byu2/rchen/proj/wwy/jp/model/client_0/model-23-600-0-before.ckpt
model saved in /research/byu2/rchen/proj/wwy/jp/model/server/model-23-.ckpt
server round 24/50
clients selected: [0]
client 0
Restoring client from /research/byu2/rchen/proj/wwy/jp/model/client_0/model-23-600-0-before.ckpt
client 0, round 24, step 0, loss = 0.050230, learning_rate = 0.000032, training_accu = 0.984375, bias = 0.00
client 0, round 24, step 200, loss = 0.099877, learning_rate = 0.000032, training_accu = 0.953125, bias = 0.00
client 0, round 24, step 400, loss = 0.043813, learning_rate = 0.000032, training_accu = 0.984375, bias = 0.00
client checkpoint saved in /research/byu2/rchen/proj/wwy/jp/model/client_0/model-24-600-0-before.ckpt
check points 0: searching /research/byu2/rchen/proj/wwy/jp/model/client_0
found /research/byu2/rchen/proj/wwy/jp/model/client_0/model-24-600-0-before.ckpt
model saved in /research/byu2/rchen/proj/wwy/jp/model/server/model-24-.ckpt
server round 25/50
clients selected: [0]
client 0
Restoring client from /research/byu2/rchen/proj/wwy/jp/model/client_0/model-24-600-0-before.ckpt
client 0, round 25, step 0, loss = 0.061570, learning_rate = 0.000024, training_accu = 0.968750, bias = 0.00
client 0, round 25, step 200, loss = 0.082975, learning_rate = 0.000024, training_accu = 0.968750, bias = 0.00
client 0, round 25, step 400, loss = 0.010552, learning_rate = 0.000024, training_accu = 1.000000, bias = 0.00
client checkpoint saved in /research/byu2/rchen/proj/wwy/jp/model/client_0/model-25-600-0-before.ckpt
check points 0: searching /research/byu2/rchen/proj/wwy/jp/model/client_0
found /research/byu2/rchen/proj/wwy/jp/model/client_0/model-25-600-0-before.ckpt
model saved in /research/byu2/rchen/proj/wwy/jp/model/server/model-25-.ckpt
server round 26/50
clients selected: [0]
client 0
Restoring client from /research/byu2/rchen/proj/wwy/jp/model/client_0/model-25-600-0-before.ckpt
client 0, round 26, step 0, loss = 0.127663, learning_rate = 0.000024, training_accu = 0.921875, bias = 0.00
client 0, round 26, step 200, loss = 0.098966, learning_rate = 0.000024, training_accu = 0.984375, bias = 0.00
client 0, round 26, step 400, loss = 0.016523, learning_rate = 0.000024, training_accu = 1.000000, bias = 0.00
client checkpoint saved in /research/byu2/rchen/proj/wwy/jp/model/client_0/model-26-600-0-before.ckpt
check points 0: searching /research/byu2/rchen/proj/wwy/jp/model/client_0
found /research/byu2/rchen/proj/wwy/jp/model/client_0/model-26-600-0-before.ckpt
model saved in /research/byu2/rchen/proj/wwy/jp/model/server/model-26-.ckpt
server round 27/50
clients selected: [0]
client 0
Restoring client from /research/byu2/rchen/proj/wwy/jp/model/client_0/model-26-600-0-before.ckpt
client 0, round 27, step 0, loss = 0.035814, learning_rate = 0.000024, training_accu = 0.984375, bias = 0.00
client 0, round 27, step 200, loss = 0.053083, learning_rate = 0.000024, training_accu = 0.984375, bias = 0.00
client 0, round 27, step 400, loss = 0.018613, learning_rate = 0.000024, training_accu = 1.000000, bias = 0.00
client checkpoint saved in /research/byu2/rchen/proj/wwy/jp/model/client_0/model-27-600-0-before.ckpt
check points 0: searching /research/byu2/rchen/proj/wwy/jp/model/client_0
found /research/byu2/rchen/proj/wwy/jp/model/client_0/model-27-600-0-before.ckpt
model saved in /research/byu2/rchen/proj/wwy/jp/model/server/model-27-.ckpt
server round 28/50
clients selected: [0]
client 0
Restoring client from /research/byu2/rchen/proj/wwy/jp/model/client_0/model-27-600-0-before.ckpt
client 0, round 28, step 0, loss = 0.038005, learning_rate = 0.000024, training_accu = 0.984375, bias = 0.00
client 0, round 28, step 200, loss = 0.059943, learning_rate = 0.000024, training_accu = 0.968750, bias = 0.00
client 0, round 28, step 400, loss = 0.056680, learning_rate = 0.000024, training_accu = 0.984375, bias = 0.00
client checkpoint saved in /research/byu2/rchen/proj/wwy/jp/model/client_0/model-28-600-0-before.ckpt
check points 0: searching /research/byu2/rchen/proj/wwy/jp/model/client_0
found /research/byu2/rchen/proj/wwy/jp/model/client_0/model-28-600-0-before.ckpt
model saved in /research/byu2/rchen/proj/wwy/jp/model/server/model-28-.ckpt
server round 29/50
clients selected: [0]
client 0
Restoring client from /research/byu2/rchen/proj/wwy/jp/model/client_0/model-28-600-0-before.ckpt
client 0, round 29, step 0, loss = 0.087732, learning_rate = 0.000024, training_accu = 0.968750, bias = 0.00
client 0, round 29, step 200, loss = 0.097340, learning_rate = 0.000024, training_accu = 0.984375, bias = 0.00
client 0, round 29, step 400, loss = 0.057559, learning_rate = 0.000024, training_accu = 1.000000, bias = 0.00
client checkpoint saved in /research/byu2/rchen/proj/wwy/jp/model/client_0/model-29-600-0-before.ckpt
check points 0: searching /research/byu2/rchen/proj/wwy/jp/model/client_0
found /research/byu2/rchen/proj/wwy/jp/model/client_0/model-29-600-0-before.ckpt
model saved in /research/byu2/rchen/proj/wwy/jp/model/server/model-29-.ckpt
server round 30/50
clients selected: [0]
client 0
Restoring client from /research/byu2/rchen/proj/wwy/jp/model/client_0/model-29-600-0-before.ckpt
client 0, round 30, step 0, loss = 0.038777, learning_rate = 0.000018, training_accu = 1.000000, bias = 0.00
client 0, round 30, step 200, loss = 0.027755, learning_rate = 0.000018, training_accu = 1.000000, bias = 0.00
client 0, round 30, step 400, loss = 0.066360, learning_rate = 0.000018, training_accu = 0.968750, bias = 0.00
client checkpoint saved in /research/byu2/rchen/proj/wwy/jp/model/client_0/model-30-600-0-before.ckpt
check points 0: searching /research/byu2/rchen/proj/wwy/jp/model/client_0
found /research/byu2/rchen/proj/wwy/jp/model/client_0/model-30-600-0-before.ckpt
model saved in /research/byu2/rchen/proj/wwy/jp/model/server/model-30-.ckpt
server round 31/50
clients selected: [0]
client 0
Restoring client from /research/byu2/rchen/proj/wwy/jp/model/client_0/model-30-600-0-before.ckpt
client 0, round 31, step 0, loss = 0.068603, learning_rate = 0.000018, training_accu = 0.968750, bias = 0.00
client 0, round 31, step 200, loss = 0.080972, learning_rate = 0.000018, training_accu = 0.953125, bias = 0.00
client 0, round 31, step 400, loss = 0.079005, learning_rate = 0.000018, training_accu = 0.968750, bias = 0.00
client checkpoint saved in /research/byu2/rchen/proj/wwy/jp/model/client_0/model-31-600-0-before.ckpt
check points 0: searching /research/byu2/rchen/proj/wwy/jp/model/client_0
found /research/byu2/rchen/proj/wwy/jp/model/client_0/model-31-600-0-before.ckpt
model saved in /research/byu2/rchen/proj/wwy/jp/model/server/model-31-.ckpt
server round 32/50
clients selected: [0]
client 0
Restoring client from /research/byu2/rchen/proj/wwy/jp/model/client_0/model-31-600-0-before.ckpt
client 0, round 32, step 0, loss = 0.150455, learning_rate = 0.000018, training_accu = 0.937500, bias = 0.00
client 0, round 32, step 200, loss = 0.058496, learning_rate = 0.000018, training_accu = 0.968750, bias = 0.00
client 0, round 32, step 400, loss = 0.063457, learning_rate = 0.000018, training_accu = 0.968750, bias = 0.00
client checkpoint saved in /research/byu2/rchen/proj/wwy/jp/model/client_0/model-32-600-0-before.ckpt
check points 0: searching /research/byu2/rchen/proj/wwy/jp/model/client_0
found /research/byu2/rchen/proj/wwy/jp/model/client_0/model-32-600-0-before.ckpt
model saved in /research/byu2/rchen/proj/wwy/jp/model/server/model-32-.ckpt
server round 33/50
clients selected: [0]
client 0
Restoring client from /research/byu2/rchen/proj/wwy/jp/model/client_0/model-32-600-0-before.ckpt
client 0, round 33, step 0, loss = 0.048892, learning_rate = 0.000018, training_accu = 0.984375, bias = 0.00
client 0, round 33, step 200, loss = 0.088131, learning_rate = 0.000018, training_accu = 0.968750, bias = 0.00
client 0, round 33, step 400, loss = 0.098964, learning_rate = 0.000018, training_accu = 0.968750, bias = 0.00
client checkpoint saved in /research/byu2/rchen/proj/wwy/jp/model/client_0/model-33-600-0-before.ckpt
check points 0: searching /research/byu2/rchen/proj/wwy/jp/model/client_0
found /research/byu2/rchen/proj/wwy/jp/model/client_0/model-33-600-0-before.ckpt
model saved in /research/byu2/rchen/proj/wwy/jp/model/server/model-33-.ckpt
server round 34/50
clients selected: [0]
client 0
Restoring client from /research/byu2/rchen/proj/wwy/jp/model/client_0/model-33-600-0-before.ckpt
client 0, round 34, step 0, loss = 0.041152, learning_rate = 0.000018, training_accu = 0.984375, bias = 0.00
client 0, round 34, step 200, loss = 0.058472, learning_rate = 0.000018, training_accu = 0.968750, bias = 0.00
client 0, round 34, step 400, loss = 0.020044, learning_rate = 0.000018, training_accu = 1.000000, bias = 0.00
client checkpoint saved in /research/byu2/rchen/proj/wwy/jp/model/client_0/model-34-600-0-before.ckpt
check points 0: searching /research/byu2/rchen/proj/wwy/jp/model/client_0
found /research/byu2/rchen/proj/wwy/jp/model/client_0/model-34-600-0-before.ckpt
model saved in /research/byu2/rchen/proj/wwy/jp/model/server/model-34-.ckpt
server round 35/50
clients selected: [0]
client 0
Restoring client from /research/byu2/rchen/proj/wwy/jp/model/client_0/model-34-600-0-before.ckpt
client 0, round 35, step 0, loss = 0.025944, learning_rate = 0.000013, training_accu = 1.000000, bias = 0.00
client 0, round 35, step 200, loss = 0.042817, learning_rate = 0.000013, training_accu = 0.984375, bias = 0.00
client 0, round 35, step 400, loss = 0.046828, learning_rate = 0.000013, training_accu = 0.984375, bias = 0.00
client checkpoint saved in /research/byu2/rchen/proj/wwy/jp/model/client_0/model-35-600-0-before.ckpt
check points 0: searching /research/byu2/rchen/proj/wwy/jp/model/client_0
found /research/byu2/rchen/proj/wwy/jp/model/client_0/model-35-600-0-before.ckpt
model saved in /research/byu2/rchen/proj/wwy/jp/model/server/model-35-.ckpt
server round 36/50
clients selected: [0]
client 0
Restoring client from /research/byu2/rchen/proj/wwy/jp/model/client_0/model-35-600-0-before.ckpt
client 0, round 36, step 0, loss = 0.079118, learning_rate = 0.000013, training_accu = 0.984375, bias = 0.00
client 0, round 36, step 200, loss = 0.104476, learning_rate = 0.000013, training_accu = 0.953125, bias = 0.00
client 0, round 36, step 400, loss = 0.082737, learning_rate = 0.000013, training_accu = 0.953125, bias = 0.00
client checkpoint saved in /research/byu2/rchen/proj/wwy/jp/model/client_0/model-36-600-0-before.ckpt
check points 0: searching /research/byu2/rchen/proj/wwy/jp/model/client_0
found /research/byu2/rchen/proj/wwy/jp/model/client_0/model-36-600-0-before.ckpt
model saved in /research/byu2/rchen/proj/wwy/jp/model/server/model-36-.ckpt
server round 37/50
clients selected: [0]
client 0
Restoring client from /research/byu2/rchen/proj/wwy/jp/model/client_0/model-36-600-0-before.ckpt
client 0, round 37, step 0, loss = 0.076539, learning_rate = 0.000013, training_accu = 0.968750, bias = 0.00
client 0, round 37, step 200, loss = 0.027616, learning_rate = 0.000013, training_accu = 1.000000, bias = 0.00
client 0, round 37, step 400, loss = 0.087523, learning_rate = 0.000013, training_accu = 0.968750, bias = 0.00
client checkpoint saved in /research/byu2/rchen/proj/wwy/jp/model/client_0/model-37-600-0-before.ckpt
check points 0: searching /research/byu2/rchen/proj/wwy/jp/model/client_0
found /research/byu2/rchen/proj/wwy/jp/model/client_0/model-37-600-0-before.ckpt
model saved in /research/byu2/rchen/proj/wwy/jp/model/server/model-37-.ckpt
server round 38/50
clients selected: [0]
client 0
Restoring client from /research/byu2/rchen/proj/wwy/jp/model/client_0/model-37-600-0-before.ckpt
client 0, round 38, step 0, loss = 0.016489, learning_rate = 0.000013, training_accu = 1.000000, bias = 0.00
client 0, round 38, step 200, loss = 0.016769, learning_rate = 0.000013, training_accu = 1.000000, bias = 0.00
client 0, round 38, step 400, loss = 0.048693, learning_rate = 0.000013, training_accu = 0.984375, bias = 0.00
client checkpoint saved in /research/byu2/rchen/proj/wwy/jp/model/client_0/model-38-600-0-before.ckpt
check points 0: searching /research/byu2/rchen/proj/wwy/jp/model/client_0
found /research/byu2/rchen/proj/wwy/jp/model/client_0/model-38-600-0-before.ckpt
model saved in /research/byu2/rchen/proj/wwy/jp/model/server/model-38-.ckpt
server round 39/50
clients selected: [0]
client 0
Restoring client from /research/byu2/rchen/proj/wwy/jp/model/client_0/model-38-600-0-before.ckpt
client 0, round 39, step 0, loss = 0.046667, learning_rate = 0.000013, training_accu = 0.968750, bias = 0.00
client 0, round 39, step 200, loss = 0.021447, learning_rate = 0.000013, training_accu = 1.000000, bias = 0.00
client 0, round 39, step 400, loss = 0.035968, learning_rate = 0.000013, training_accu = 0.984375, bias = 0.00
client checkpoint saved in /research/byu2/rchen/proj/wwy/jp/model/client_0/model-39-600-0-before.ckpt
check points 0: searching /research/byu2/rchen/proj/wwy/jp/model/client_0
found /research/byu2/rchen/proj/wwy/jp/model/client_0/model-39-600-0-before.ckpt
model saved in /research/byu2/rchen/proj/wwy/jp/model/server/model-39-.ckpt
server round 40/50
clients selected: [0]
client 0
Restoring client from /research/byu2/rchen/proj/wwy/jp/model/client_0/model-39-600-0-before.ckpt
client 0, round 40, step 0, loss = 0.050927, learning_rate = 0.000010, training_accu = 0.984375, bias = 0.00
client 0, round 40, step 200, loss = 0.021410, learning_rate = 0.000010, training_accu = 1.000000, bias = 0.00
client 0, round 40, step 400, loss = 0.065329, learning_rate = 0.000010, training_accu = 0.953125, bias = 0.00
client checkpoint saved in /research/byu2/rchen/proj/wwy/jp/model/client_0/model-40-600-0-before.ckpt
check points 0: searching /research/byu2/rchen/proj/wwy/jp/model/client_0
found /research/byu2/rchen/proj/wwy/jp/model/client_0/model-40-600-0-before.ckpt
model saved in /research/byu2/rchen/proj/wwy/jp/model/server/model-40-.ckpt
server round 41/50
clients selected: [0]
client 0
Restoring client from /research/byu2/rchen/proj/wwy/jp/model/client_0/model-40-600-0-before.ckpt
client 0, round 41, step 0, loss = 0.093093, learning_rate = 0.000010, training_accu = 0.953125, bias = 0.00
client 0, round 41, step 200, loss = 0.088225, learning_rate = 0.000010, training_accu = 0.968750, bias = 0.00
client 0, round 41, step 400, loss = 0.095503, learning_rate = 0.000010, training_accu = 0.968750, bias = 0.00
client checkpoint saved in /research/byu2/rchen/proj/wwy/jp/model/client_0/model-41-600-0-before.ckpt
check points 0: searching /research/byu2/rchen/proj/wwy/jp/model/client_0
found /research/byu2/rchen/proj/wwy/jp/model/client_0/model-41-600-0-before.ckpt
model saved in /research/byu2/rchen/proj/wwy/jp/model/server/model-41-.ckpt
server round 42/50
clients selected: [0]
client 0
Restoring client from /research/byu2/rchen/proj/wwy/jp/model/client_0/model-41-600-0-before.ckpt
client 0, round 42, step 0, loss = 0.065874, learning_rate = 0.000010, training_accu = 0.968750, bias = 0.00
client 0, round 42, step 200, loss = 0.063262, learning_rate = 0.000010, training_accu = 0.968750, bias = 0.00
client 0, round 42, step 400, loss = 0.099041, learning_rate = 0.000010, training_accu = 0.968750, bias = 0.00
client checkpoint saved in /research/byu2/rchen/proj/wwy/jp/model/client_0/model-42-600-0-before.ckpt
check points 0: searching /research/byu2/rchen/proj/wwy/jp/model/client_0
found /research/byu2/rchen/proj/wwy/jp/model/client_0/model-42-600-0-before.ckpt
model saved in /research/byu2/rchen/proj/wwy/jp/model/server/model-42-.ckpt
server round 43/50
clients selected: [0]
client 0
Restoring client from /research/byu2/rchen/proj/wwy/jp/model/client_0/model-42-600-0-before.ckpt
client 0, round 43, step 0, loss = 0.019956, learning_rate = 0.000010, training_accu = 1.000000, bias = 0.00
client 0, round 43, step 200, loss = 0.054605, learning_rate = 0.000010, training_accu = 0.968750, bias = 0.00
client 0, round 43, step 400, loss = 0.022630, learning_rate = 0.000010, training_accu = 1.000000, bias = 0.00
client checkpoint saved in /research/byu2/rchen/proj/wwy/jp/model/client_0/model-43-600-0-before.ckpt
check points 0: searching /research/byu2/rchen/proj/wwy/jp/model/client_0
found /research/byu2/rchen/proj/wwy/jp/model/client_0/model-43-600-0-before.ckpt
model saved in /research/byu2/rchen/proj/wwy/jp/model/server/model-43-.ckpt
server round 44/50
clients selected: [0]
client 0
Restoring client from /research/byu2/rchen/proj/wwy/jp/model/client_0/model-43-600-0-before.ckpt
client 0, round 44, step 0, loss = 0.066580, learning_rate = 0.000010, training_accu = 0.968750, bias = 0.00
client 0, round 44, step 200, loss = 0.064114, learning_rate = 0.000010, training_accu = 0.968750, bias = 0.00
client 0, round 44, step 400, loss = 0.012636, learning_rate = 0.000010, training_accu = 1.000000, bias = 0.00
client checkpoint saved in /research/byu2/rchen/proj/wwy/jp/model/client_0/model-44-600-0-before.ckpt
check points 0: searching /research/byu2/rchen/proj/wwy/jp/model/client_0
found /research/byu2/rchen/proj/wwy/jp/model/client_0/model-44-600-0-before.ckpt
model saved in /research/byu2/rchen/proj/wwy/jp/model/server/model-44-.ckpt
server round 45/50
clients selected: [0]
client 0
Restoring client from /research/byu2/rchen/proj/wwy/jp/model/client_0/model-44-600-0-before.ckpt
client 0, round 45, step 0, loss = 0.007946, learning_rate = 0.000008, training_accu = 1.000000, bias = 0.00
client 0, round 45, step 200, loss = 0.022080, learning_rate = 0.000008, training_accu = 1.000000, bias = 0.00
client 0, round 45, step 400, loss = 0.043212, learning_rate = 0.000008, training_accu = 0.984375, bias = 0.00
client checkpoint saved in /research/byu2/rchen/proj/wwy/jp/model/client_0/model-45-600-0-before.ckpt
check points 0: searching /research/byu2/rchen/proj/wwy/jp/model/client_0
found /research/byu2/rchen/proj/wwy/jp/model/client_0/model-45-600-0-before.ckpt
model saved in /research/byu2/rchen/proj/wwy/jp/model/server/model-45-.ckpt
server round 46/50
clients selected: [0]
client 0
Restoring client from /research/byu2/rchen/proj/wwy/jp/model/client_0/model-45-600-0-before.ckpt
client 0, round 46, step 0, loss = 0.109998, learning_rate = 0.000008, training_accu = 0.953125, bias = 0.00
client 0, round 46, step 200, loss = 0.016685, learning_rate = 0.000008, training_accu = 1.000000, bias = 0.00
client 0, round 46, step 400, loss = 0.072257, learning_rate = 0.000008, training_accu = 0.968750, bias = 0.00
client checkpoint saved in /research/byu2/rchen/proj/wwy/jp/model/client_0/model-46-600-0-before.ckpt
check points 0: searching /research/byu2/rchen/proj/wwy/jp/model/client_0
found /research/byu2/rchen/proj/wwy/jp/model/client_0/model-46-600-0-before.ckpt
model saved in /research/byu2/rchen/proj/wwy/jp/model/server/model-46-.ckpt
server round 47/50
clients selected: [0]
client 0
Restoring client from /research/byu2/rchen/proj/wwy/jp/model/client_0/model-46-600-0-before.ckpt
client 0, round 47, step 0, loss = 0.048881, learning_rate = 0.000008, training_accu = 0.968750, bias = 0.00
client 0, round 47, step 200, loss = 0.092263, learning_rate = 0.000008, training_accu = 0.968750, bias = 0.00
client 0, round 47, step 400, loss = 0.020100, learning_rate = 0.000008, training_accu = 1.000000, bias = 0.00
client checkpoint saved in /research/byu2/rchen/proj/wwy/jp/model/client_0/model-47-600-0-before.ckpt
check points 0: searching /research/byu2/rchen/proj/wwy/jp/model/client_0
found /research/byu2/rchen/proj/wwy/jp/model/client_0/model-47-600-0-before.ckpt
model saved in /research/byu2/rchen/proj/wwy/jp/model/server/model-47-.ckpt
server round 48/50
clients selected: [0]
client 0
Restoring client from /research/byu2/rchen/proj/wwy/jp/model/client_0/model-47-600-0-before.ckpt
client 0, round 48, step 0, loss = 0.019990, learning_rate = 0.000008, training_accu = 1.000000, bias = 0.00
client 0, round 48, step 200, loss = 0.072007, learning_rate = 0.000008, training_accu = 0.984375, bias = 0.00
client 0, round 48, step 400, loss = 0.044444, learning_rate = 0.000008, training_accu = 0.984375, bias = 0.00
client checkpoint saved in /research/byu2/rchen/proj/wwy/jp/model/client_0/model-48-600-0-before.ckpt
check points 0: searching /research/byu2/rchen/proj/wwy/jp/model/client_0
found /research/byu2/rchen/proj/wwy/jp/model/client_0/model-48-600-0-before.ckpt
model saved in /research/byu2/rchen/proj/wwy/jp/model/server/model-48-.ckpt
server round 49/50
clients selected: [0]
client 0
Restoring client from /research/byu2/rchen/proj/wwy/jp/model/client_0/model-48-600-0-before.ckpt
client 0, round 49, step 0, loss = 0.030568, learning_rate = 0.000008, training_accu = 0.984375, bias = 0.00
client 0, round 49, step 200, loss = 0.020302, learning_rate = 0.000008, training_accu = 1.000000, bias = 0.00
client 0, round 49, step 400, loss = 0.101359, learning_rate = 0.000008, training_accu = 0.968750, bias = 0.00
client checkpoint saved in /research/byu2/rchen/proj/wwy/jp/model/client_0/model-49-600-0-before.ckpt
check points 0: searching /research/byu2/rchen/proj/wwy/jp/model/client_0
found /research/byu2/rchen/proj/wwy/jp/model/client_0/model-49-600-0-before.ckpt
model saved in /research/byu2/rchen/proj/wwy/jp/model/server/model-49-.ckpt
